2022/11/09 15:58:57 File initialization.
2022/11/09 15:58:57 Version go1.19.3
2022/11/09 15:58:57 NumCPU 6
2022/11/09 15:58:57 GOMAXPROCS 6
2022/11/09 15:58:57 Benchmarking ply 2
2022/11/09 15:58:57 Starting benchmark at time 2022-11-09 15:58:57.7285799 -0500 EST m=+0.007184501
2022/11/09 15:58:57 Best move: b1a3
2022/11/09 15:58:57 Evaluation: 0
2022/11/09 15:58:57 Benchmark complete at time 2022-11-09 15:58:57.73042 -0500 EST m=+0.009024601
2022/11/09 15:58:57 Elapsed time: 0.0018401 seconds
2022/11/09 15:58:57 Nodes per second: 216836.04151948265
2022/11/09 15:58:57 Benchmarking ply 3
2022/11/09 15:58:57 Starting benchmark at time 2022-11-09 15:58:57.7315664 -0500 EST m=+0.010170901
2022/11/09 15:58:57 Best move: a2a4
2022/11/09 15:58:57 Evaluation: 0
2022/11/09 15:58:57 Benchmark complete at time 2022-11-09 15:58:57.752761 -0500 EST m=+0.031365201
2022/11/09 15:58:57 Elapsed time: 0.0211943 seconds
2022/11/09 15:58:57 Nodes per second: 434362.0690468664
2022/11/09 15:58:57 Benchmarking ply 4
2022/11/09 15:58:57 Starting benchmark at time 2022-11-09 15:58:57.7532785 -0500 EST m=+0.031882701
2022/11/09 15:58:58 Best move: d2d3
2022/11/09 15:58:58 Evaluation: 0
2022/11/09 15:58:58 Benchmark complete at time 2022-11-09 15:58:58.0504936 -0500 EST m=+0.329093101
2022/11/09 15:58:58 Elapsed time: 0.2972104 seconds
2022/11/09 15:58:58 Nodes per second: 686469.9216447339
2022/11/09 15:58:58 Benchmarking ply 5
2022/11/09 15:58:58 Starting benchmark at time 2022-11-09 15:58:58.0510098 -0500 EST m=+0.329609301
2022/11/09 15:59:05 Best move: f2f3
2022/11/09 15:59:05 Evaluation: 0
2022/11/09 15:59:05 Benchmark complete at time 2022-11-09 15:59:05.4883462 -0500 EST m=+7.766827401
2022/11/09 15:59:05 Elapsed time: 7.4372181 seconds
2022/11/09 15:59:05 Nodes per second: 673866.4824149772
