2022/11/09 15:58:49 File initialization.
2022/11/09 15:58:49 Version go1.19.3
2022/11/09 15:58:49 NumCPU 6
2022/11/09 15:58:49 GOMAXPROCS 6
2022/11/09 15:58:49 Benchmarking ply 3
2022/11/09 15:58:49 Starting benchmark at time 2022-11-09 15:58:49.4232249 -0500 EST m=+0.007678001
2022/11/09 15:58:49 Best move: b1c3
2022/11/09 15:58:49 Evaluation: 0
2022/11/09 15:58:49 Benchmark complete at time 2022-11-09 15:58:49.4434658 -0500 EST m=+0.027918601
2022/11/09 15:58:49 Elapsed time: 0.0202406 seconds
2022/11/09 15:58:49 Nodes per second: 454284.9520271138
2022/11/09 15:58:49 Benchmarking ply 4
2022/11/09 15:58:49 Starting benchmark at time 2022-11-09 15:58:49.4454712 -0500 EST m=+0.029924001
2022/11/09 15:58:49 Best move: b1a3
2022/11/09 15:58:49 Evaluation: 0
2022/11/09 15:58:49 Benchmark complete at time 2022-11-09 15:58:49.7512267 -0500 EST m=+0.335674601
2022/11/09 15:58:49 Elapsed time: 0.3051276 seconds
2022/11/09 15:58:49 Nodes per second: 668992.2511106828
2022/11/09 15:58:49 Benchmarking ply 5
2022/11/09 15:58:49 Starting benchmark at time 2022-11-09 15:58:49.7517467 -0500 EST m=+0.336194601
