2022/11/13 22:57:11 File initialization.
2022/11/13 22:57:11 Version go1.19.3
2022/11/13 22:57:11 NumCPU 6
2022/11/13 22:57:11 GOMAXPROCS 6
2022/11/13 22:57:11 
2022/11/13 22:57:11 Running engine...
2022/11/13 22:57:12 Manual challenge started.
2022/11/13 22:57:12 Engine: Minimax Iterative Deepening Alpha Beta + Quiescence + Eval v3
2022/11/13 22:57:12 Playing as b
2022/11/13 22:57:12 Game: 
 *
2022/11/13 22:57:12 
 A B C D E F G H
8♜ - ♝ - ♚ ♝ - ♜ 
7♟ ♟ - - ♟ ♟ ♟ ♟ 
6- - ♞ - - ♞ - - 
5- - - - - - - - 
4- - ♛ - - - - - 
3- - ♘ - - ♘ - - 
2♙ ♙ ♙ ♙ - ♙ ♙ ♙ 
1♖ - ♗ ♕ ♔ - - ♖ 

2022/11/13 22:57:12 
2022/11/13 22:57:16 b d2d3 0
2022/11/13 22:57:16 r1b1kb1r/pp2pppp/2n2n2/8/2q5/2NP1N2/PPP2PPP/R1BQK2R b KQkq - 0 7
2022/11/13 22:57:16 
 A B C D E F G H
8♜ - ♝ - ♚ ♝ - ♜ 
7♟ ♟ - - ♟ ♟ ♟ ♟ 
6- - ♞ - - ♞ - - 
5- - - - - - - - 
4- - ♛ - - - - - 
3- - ♘ ♙ - ♘ - - 
2♙ ♙ ♙ - - ♙ ♙ ♙ 
1♖ - ♗ ♕ ♔ - - ♖ 

2022/11/13 22:57:16 
2022/11/13 22:57:16 w g7g6 0
2022/11/13 22:57:16 r1b1kb1r/pp2pp1p/2n2np1/8/2q5/2NP1N2/PPP2PPP/R1BQK2R w KQkq - 0 8
2022/11/13 22:57:16 
 A B C D E F G H
8♜ - ♝ - ♚ ♝ - ♜ 
7♟ ♟ - - ♟ ♟ - ♟ 
6- - ♞ - - ♞ ♟ - 
5- - - - - - - - 
4- - ♛ - - - - - 
3- - ♘ ♙ - ♘ - - 
2♙ ♙ ♙ - - ♙ ♙ ♙ 
1♖ - ♗ ♕ ♔ - - ♖ 

2022/11/13 22:57:16 
2022/11/13 22:57:34 Exiting engine.
