2022/11/12 19:14:40 File initialization.
2022/11/12 19:14:40 Version go1.19.3
2022/11/12 19:14:40 NumCPU 6
2022/11/12 19:14:40 GOMAXPROCS 6
2022/11/12 19:14:40 
2022/11/12 19:14:40 Running engine...
2022/11/12 19:14:41 Manual challenge started.
2022/11/12 19:14:41 Engine: Minimax Plain Alpha Beta + Quiescence
2022/11/12 19:14:41 Playing as b
2022/11/12 19:14:41 
2022/11/12 19:15:09 b e2e4 0
2022/11/12 19:15:09 rnbqkbnr/pppppppp/8/8/4P3/8/PPPP1PPP/RNBQKBNR b KQkq e3 0 1
2022/11/12 19:15:09 
 A B C D E F G H
8♜ ♞ ♝ ♛ ♚ ♝ ♞ ♜ 
7♟ ♟ ♟ ♟ ♟ ♟ ♟ ♟ 
6- - - - - - - - 
5- - - - - - - - 
4- - - - ♙ - - - 
3- - - - - - - - 
2♙ ♙ ♙ ♙ - ♙ ♙ ♙ 
1♖ ♘ ♗ ♕ ♔ ♗ ♘ ♖ 

2022/11/12 19:15:09 
2022/11/12 19:15:09 w g8f6 0
2022/11/12 19:15:09 rnbqkb1r/pppppppp/5n2/8/4P3/8/PPPP1PPP/RNBQKBNR w KQkq - 1 2
2022/11/12 19:15:09 
 A B C D E F G H
8♜ ♞ ♝ ♛ ♚ ♝ - ♜ 
7♟ ♟ ♟ ♟ ♟ ♟ ♟ ♟ 
6- - - - - ♞ - - 
5- - - - - - - - 
4- - - - ♙ - - - 
3- - - - - - - - 
2♙ ♙ ♙ ♙ - ♙ ♙ ♙ 
1♖ ♘ ♗ ♕ ♔ ♗ ♘ ♖ 

2022/11/12 19:15:09 
2022/11/12 19:15:42 b b1c3 0
2022/11/12 19:15:42 rnbqkb1r/pppppppp/5n2/8/4P3/2N5/PPPP1PPP/R1BQKBNR b KQkq - 2 2
2022/11/12 19:15:42 
 A B C D E F G H
8♜ ♞ ♝ ♛ ♚ ♝ - ♜ 
7♟ ♟ ♟ ♟ ♟ ♟ ♟ ♟ 
6- - - - - ♞ - - 
5- - - - - - - - 
4- - - - ♙ - - - 
3- - ♘ - - - - - 
2♙ ♙ ♙ ♙ - ♙ ♙ ♙ 
1♖ - ♗ ♕ ♔ ♗ ♘ ♖ 

2022/11/12 19:15:42 
2022/11/12 19:15:42 w d7d5 0
2022/11/12 19:15:42 rnbqkb1r/ppp1pppp/5n2/3p4/4P3/2N5/PPPP1PPP/R1BQKBNR w KQkq d6 0 3
2022/11/12 19:15:42 
 A B C D E F G H
8♜ ♞ ♝ ♛ ♚ ♝ - ♜ 
7♟ ♟ ♟ - ♟ ♟ ♟ ♟ 
6- - - - - ♞ - - 
5- - - ♟ - - - - 
4- - - - ♙ - - - 
3- - ♘ - - - - - 
2♙ ♙ ♙ ♙ - ♙ ♙ ♙ 
1♖ - ♗ ♕ ♔ ♗ ♘ ♖ 

2022/11/12 19:15:42 
2022/11/12 19:15:57 b e4d5 0
2022/11/12 19:15:57 rnbqkb1r/ppp1pppp/5n2/3P4/8/2N5/PPPP1PPP/R1BQKBNR b KQkq - 0 3
2022/11/12 19:15:57 
 A B C D E F G H
8♜ ♞ ♝ ♛ ♚ ♝ - ♜ 
7♟ ♟ ♟ - ♟ ♟ ♟ ♟ 
6- - - - - ♞ - - 
5- - - ♙ - - - - 
4- - - - - - - - 
3- - ♘ - - - - - 
2♙ ♙ ♙ ♙ - ♙ ♙ ♙ 
1♖ - ♗ ♕ ♔ ♗ ♘ ♖ 

2022/11/12 19:15:57 
2022/11/12 19:15:57 w c7c6 0
2022/11/12 19:15:57 rnbqkb1r/pp2pppp/2p2n2/3P4/8/2N5/PPPP1PPP/R1BQKBNR w KQkq - 0 4
2022/11/12 19:15:57 
 A B C D E F G H
8♜ ♞ ♝ ♛ ♚ ♝ - ♜ 
7♟ ♟ - - ♟ ♟ ♟ ♟ 
6- - ♟ - - ♞ - - 
5- - - ♙ - - - - 
4- - - - - - - - 
3- - ♘ - - - - - 
2♙ ♙ ♙ ♙ - ♙ ♙ ♙ 
1♖ - ♗ ♕ ♔ ♗ ♘ ♖ 

2022/11/12 19:15:57 
2022/11/12 19:16:13 b d5c6 0
2022/11/12 19:16:13 rnbqkb1r/pp2pppp/2P2n2/8/8/2N5/PPPP1PPP/R1BQKBNR b KQkq - 0 4
2022/11/12 19:16:13 
 A B C D E F G H
8♜ ♞ ♝ ♛ ♚ ♝ - ♜ 
7♟ ♟ - - ♟ ♟ ♟ ♟ 
6- - ♙ - - ♞ - - 
5- - - - - - - - 
4- - - - - - - - 
3- - ♘ - - - - - 
2♙ ♙ ♙ ♙ - ♙ ♙ ♙ 
1♖ - ♗ ♕ ♔ ♗ ♘ ♖ 

2022/11/12 19:16:13 
2022/11/12 19:16:13 Running Minimax Plain Alpha Beta + Quiescence
2022/11/12 19:16:13 
2022/11/12 19:16:13 Iterative deepening depth 1
2022/11/12 19:16:13 New best move: b7c6
2022/11/12 19:16:13 Best move: b7c6 Eval: -100
2022/11/12 19:16:13 Depth: 1 Nodes: 231
2022/11/12 19:16:13 Time since start_time: 3.9997ms
2022/11/12 19:16:13 
2022/11/12 19:16:13 Iterative deepening depth 2
2022/11/12 19:16:13 New best move: b7c6
2022/11/12 19:16:13 Best move: b7c6 Eval: -100
2022/11/12 19:16:13 Depth: 2 Nodes: 2672
2022/11/12 19:16:13 Time since start_time: 15.7628ms
2022/11/12 19:16:13 
2022/11/12 19:16:13 Iterative deepening depth 3
2022/11/12 19:16:13 New best move: b7c6
2022/11/12 19:16:14 Best move: b7c6 Eval: -100
2022/11/12 19:16:14 Depth: 3 Nodes: 19673
2022/11/12 19:16:14 Time since start_time: 251.4946ms
2022/11/12 19:16:14 
2022/11/12 19:16:14 Iterative deepening depth 4
2022/11/12 19:16:14 New best move: b7c6
2022/11/12 19:16:14 Best move: b7c6 Eval: -100
2022/11/12 19:16:14 Depth: 4 Nodes: 120552
2022/11/12 19:16:14 Time since start_time: 816.3353ms
2022/11/12 19:16:14 
2022/11/12 19:16:14 Iterative deepening depth 5
2022/11/12 19:16:14 New best move: b7c6
2022/11/12 19:16:21 Best move: b7c6 Eval: -100
2022/11/12 19:16:21 Depth: 5 Nodes: 713250
2022/11/12 19:16:21 Time since start_time: 7.3643064s
2022/11/12 19:16:21 
2022/11/12 19:16:21 Iterative deepening depth 6
2022/11/12 19:16:21 New best move: b7c6
2022/11/12 19:16:42 Time up, returning best move so far.
2022/11/12 19:16:42 
2022/11/12 19:16:42 Engine results b7c6 -100
2022/11/12 19:16:42 Quiescence search explored 2267784 nodes
2022/11/12 19:16:42 w b7c6 -100
2022/11/12 19:16:42 rnbqkb1r/p3pppp/2p2n2/8/8/2N5/PPPP1PPP/R1BQKBNR w KQkq - 0 5
2022/11/12 19:16:42 
 A B C D E F G H
8♜ ♞ ♝ ♛ ♚ ♝ - ♜ 
7♟ - - - ♟ ♟ ♟ ♟ 
6- - ♟ - - ♞ - - 
5- - - - - - - - 
4- - - - - - - - 
3- - ♘ - - - - - 
2♙ ♙ ♙ ♙ - ♙ ♙ ♙ 
1♖ - ♗ ♕ ♔ ♗ ♘ ♖ 

2022/11/12 19:16:42 
