2022/11/15 19:11:05 File initialization.
2022/11/15 19:11:05 Version go1.19.3
2022/11/15 19:11:05 NumCPU 6
2022/11/15 19:11:05 GOMAXPROCS 6
2022/11/15 19:11:05 WARNING: Development mode.
2022/11/15 19:11:05 
2022/11/15 19:11:05 Running engine...
2022/11/15 19:11:06 Self challenge started.
2022/11/15 19:11:06 Engine 1 (white): Minimax Iterative Deepening Alpha Beta + Quiescence + Eval v3 + Move Sort v2
2022/11/15 19:11:06 Engine 2 (black): Minimax Iterative Deepening Alpha Beta + Quiescence + Eval v3 + Move Sort v2
2022/11/15 19:11:06 Game: 
 *
2022/11/15 19:11:06 
 A B C D E F G H
8♜ ♞ ♝ ♛ ♚ ♝ ♞ ♜ 
7♟ ♟ ♟ ♟ ♟ ♟ ♟ ♟ 
6- - - - - - - - 
5- - - - - - - - 
4- - - - - - - - 
3- - - - - - - - 
2♙ ♙ ♙ ♙ ♙ ♙ ♙ ♙ 
1♖ ♘ ♗ ♕ ♔ ♗ ♘ ♖ 

2022/11/15 19:11:06 
2022/11/15 19:11:06 b e2e4 0
2022/11/15 19:11:06 rnbqkbnr/pppppppp/8/8/4P3/8/PPPP1PPP/RNBQKBNR b KQkq e3 0 1
2022/11/15 19:11:06 
1. e4 *
2022/11/15 19:11:06 
 A B C D E F G H
8♜ ♞ ♝ ♛ ♚ ♝ ♞ ♜ 
7♟ ♟ ♟ ♟ ♟ ♟ ♟ ♟ 
6- - - - - - - - 
5- - - - - - - - 
4- - - - ♙ - - - 
3- - - - - - - - 
2♙ ♙ ♙ ♙ - ♙ ♙ ♙ 
1♖ ♘ ♗ ♕ ♔ ♗ ♘ ♖ 

2022/11/15 19:11:06 
2022/11/15 19:11:06 w g8f6 0
2022/11/15 19:11:06 rnbqkb1r/pppppppp/5n2/8/4P3/8/PPPP1PPP/RNBQKBNR w KQkq - 1 2
2022/11/15 19:11:06 
1. e4 Nf6  *
2022/11/15 19:11:06 
 A B C D E F G H
8♜ ♞ ♝ ♛ ♚ ♝ - ♜ 
7♟ ♟ ♟ ♟ ♟ ♟ ♟ ♟ 
6- - - - - ♞ - - 
5- - - - - - - - 
4- - - - ♙ - - - 
3- - - - - - - - 
2♙ ♙ ♙ ♙ - ♙ ♙ ♙ 
1♖ ♘ ♗ ♕ ♔ ♗ ♘ ♖ 

2022/11/15 19:11:06 
2022/11/15 19:11:07 b e4e5 0
2022/11/15 19:11:07 rnbqkb1r/pppppppp/5n2/4P3/8/8/PPPP1PPP/RNBQKBNR b KQkq - 0 2
2022/11/15 19:11:07 
1. e4 Nf6 2. e5 *
2022/11/15 19:11:07 
 A B C D E F G H
8♜ ♞ ♝ ♛ ♚ ♝ - ♜ 
7♟ ♟ ♟ ♟ ♟ ♟ ♟ ♟ 
6- - - - - ♞ - - 
5- - - - ♙ - - - 
4- - - - - - - - 
3- - - - - - - - 
2♙ ♙ ♙ ♙ - ♙ ♙ ♙ 
1♖ ♘ ♗ ♕ ♔ ♗ ♘ ♖ 

2022/11/15 19:11:07 
2022/11/15 19:11:07 w f6d5 0
2022/11/15 19:11:07 rnbqkb1r/pppppppp/8/3nP3/8/8/PPPP1PPP/RNBQKBNR w KQkq - 1 3
2022/11/15 19:11:07 
1. e4 Nf6 2. e5 Nd5  *
2022/11/15 19:11:07 
 A B C D E F G H
8♜ ♞ ♝ ♛ ♚ ♝ - ♜ 
7♟ ♟ ♟ ♟ ♟ ♟ ♟ ♟ 
6- - - - - - - - 
5- - - ♞ ♙ - - - 
4- - - - - - - - 
3- - - - - - - - 
2♙ ♙ ♙ ♙ - ♙ ♙ ♙ 
1♖ ♘ ♗ ♕ ♔ ♗ ♘ ♖ 

2022/11/15 19:11:07 
2022/11/15 19:11:07 b d2d4 0
2022/11/15 19:11:07 rnbqkb1r/pppppppp/8/3nP3/3P4/8/PPP2PPP/RNBQKBNR b KQkq d3 0 3
2022/11/15 19:11:07 
1. e4 Nf6 2. e5 Nd5 3. d4 *
2022/11/15 19:11:07 
 A B C D E F G H
8♜ ♞ ♝ ♛ ♚ ♝ - ♜ 
7♟ ♟ ♟ ♟ ♟ ♟ ♟ ♟ 
6- - - - - - - - 
5- - - ♞ ♙ - - - 
4- - - ♙ - - - - 
3- - - - - - - - 
2♙ ♙ ♙ - - ♙ ♙ ♙ 
1♖ ♘ ♗ ♕ ♔ ♗ ♘ ♖ 

2022/11/15 19:11:07 
2022/11/15 19:11:08 w d7d6 0
2022/11/15 19:11:08 rnbqkb1r/ppp1pppp/3p4/3nP3/3P4/8/PPP2PPP/RNBQKBNR w KQkq - 0 4
2022/11/15 19:11:08 
1. e4 Nf6 2. e5 Nd5 3. d4 d6  *
2022/11/15 19:11:08 
 A B C D E F G H
8♜ ♞ ♝ ♛ ♚ ♝ - ♜ 
7♟ ♟ ♟ - ♟ ♟ ♟ ♟ 
6- - - ♟ - - - - 
5- - - ♞ ♙ - - - 
4- - - ♙ - - - - 
3- - - - - - - - 
2♙ ♙ ♙ - - ♙ ♙ ♙ 
1♖ ♘ ♗ ♕ ♔ ♗ ♘ ♖ 

2022/11/15 19:11:08 
2022/11/15 19:11:08 b g1f3 0
2022/11/15 19:11:08 rnbqkb1r/ppp1pppp/3p4/3nP3/3P4/5N2/PPP2PPP/RNBQKB1R b KQkq - 1 4
2022/11/15 19:11:08 
1. e4 Nf6 2. e5 Nd5 3. d4 d6 4. Nf3 *
2022/11/15 19:11:08 
 A B C D E F G H
8♜ ♞ ♝ ♛ ♚ ♝ - ♜ 
7♟ ♟ ♟ - ♟ ♟ ♟ ♟ 
6- - - ♟ - - - - 
5- - - ♞ ♙ - - - 
4- - - ♙ - - - - 
3- - - - - ♘ - - 
2♙ ♙ ♙ - - ♙ ♙ ♙ 
1♖ ♘ ♗ ♕ ♔ ♗ - ♖ 

2022/11/15 19:11:08 
2022/11/15 19:11:08 w g7g6 0
2022/11/15 19:11:08 rnbqkb1r/ppp1pp1p/3p2p1/3nP3/3P4/5N2/PPP2PPP/RNBQKB1R w KQkq - 0 5
2022/11/15 19:11:08 
1. e4 Nf6 2. e5 Nd5 3. d4 d6 4. Nf3 g6  *
2022/11/15 19:11:08 
 A B C D E F G H
8♜ ♞ ♝ ♛ ♚ ♝ - ♜ 
7♟ ♟ ♟ - ♟ ♟ - ♟ 
6- - - ♟ - - ♟ - 
5- - - ♞ ♙ - - - 
4- - - ♙ - - - - 
3- - - - - ♘ - - 
2♙ ♙ ♙ - - ♙ ♙ ♙ 
1♖ ♘ ♗ ♕ ♔ ♗ - ♖ 

2022/11/15 19:11:08 
2022/11/15 19:11:10 b f1c4 0
2022/11/15 19:11:10 rnbqkb1r/ppp1pp1p/3p2p1/3nP3/2BP4/5N2/PPP2PPP/RNBQK2R b KQkq - 1 5
2022/11/15 19:11:10 
1. e4 Nf6 2. e5 Nd5 3. d4 d6 4. Nf3 g6 5. Bc4 *
2022/11/15 19:11:10 
 A B C D E F G H
8♜ ♞ ♝ ♛ ♚ ♝ - ♜ 
7♟ ♟ ♟ - ♟ ♟ - ♟ 
6- - - ♟ - - ♟ - 
5- - - ♞ ♙ - - - 
4- - ♗ ♙ - - - - 
3- - - - - ♘ - - 
2♙ ♙ ♙ - - ♙ ♙ ♙ 
1♖ ♘ ♗ ♕ ♔ - - ♖ 

2022/11/15 19:11:10 
2022/11/15 19:11:10 w d5b6 0
2022/11/15 19:11:10 rnbqkb1r/ppp1pp1p/1n1p2p1/4P3/2BP4/5N2/PPP2PPP/RNBQK2R w KQkq - 2 6
2022/11/15 19:11:10 
1. e4 Nf6 2. e5 Nd5 3. d4 d6 4. Nf3 g6 5. Bc4 Nb6  *
2022/11/15 19:11:10 
 A B C D E F G H
8♜ ♞ ♝ ♛ ♚ ♝ - ♜ 
7♟ ♟ ♟ - ♟ ♟ - ♟ 
6- ♞ - ♟ - - ♟ - 
5- - - - ♙ - - - 
4- - ♗ ♙ - - - - 
3- - - - - ♘ - - 
2♙ ♙ ♙ - - ♙ ♙ ♙ 
1♖ ♘ ♗ ♕ ♔ - - ♖ 

2022/11/15 19:11:10 
2022/11/15 19:11:10 b c4b3 0
2022/11/15 19:11:10 rnbqkb1r/ppp1pp1p/1n1p2p1/4P3/3P4/1B3N2/PPP2PPP/RNBQK2R b KQkq - 3 6
2022/11/15 19:11:10 
1. e4 Nf6 2. e5 Nd5 3. d4 d6 4. Nf3 g6 5. Bc4 Nb6 6. Bb3 *
2022/11/15 19:11:10 
 A B C D E F G H
8♜ ♞ ♝ ♛ ♚ ♝ - ♜ 
7♟ ♟ ♟ - ♟ ♟ - ♟ 
6- ♞ - ♟ - - ♟ - 
5- - - - ♙ - - - 
4- - - ♙ - - - - 
3- ♗ - - - ♘ - - 
2♙ ♙ ♙ - - ♙ ♙ ♙ 
1♖ ♘ ♗ ♕ ♔ - - ♖ 

2022/11/15 19:11:10 
2022/11/15 19:11:11 w f8g7 0
2022/11/15 19:11:11 rnbqk2r/ppp1ppbp/1n1p2p1/4P3/3P4/1B3N2/PPP2PPP/RNBQK2R w KQkq - 4 7
2022/11/15 19:11:11 
1. e4 Nf6 2. e5 Nd5 3. d4 d6 4. Nf3 g6 5. Bc4 Nb6 6. Bb3 Bg7  *
2022/11/15 19:11:11 
 A B C D E F G H
8♜ ♞ ♝ ♛ ♚ - - ♜ 
7♟ ♟ ♟ - ♟ ♟ ♝ ♟ 
6- ♞ - ♟ - - ♟ - 
5- - - - ♙ - - - 
4- - - ♙ - - - - 
3- ♗ - - - ♘ - - 
2♙ ♙ ♙ - - ♙ ♙ ♙ 
1♖ ♘ ♗ ♕ ♔ - - ♖ 

2022/11/15 19:11:11 
2022/11/15 19:11:11 b a2a4 0
2022/11/15 19:11:11 rnbqk2r/ppp1ppbp/1n1p2p1/4P3/P2P4/1B3N2/1PP2PPP/RNBQK2R b KQkq a3 0 7
2022/11/15 19:11:11 
1. e4 Nf6 2. e5 Nd5 3. d4 d6 4. Nf3 g6 5. Bc4 Nb6 6. Bb3 Bg7 7. a4 *
2022/11/15 19:11:11 
 A B C D E F G H
8♜ ♞ ♝ ♛ ♚ - - ♜ 
7♟ ♟ ♟ - ♟ ♟ ♝ ♟ 
6- ♞ - ♟ - - ♟ - 
5- - - - ♙ - - - 
4♙ - - ♙ - - - - 
3- ♗ - - - ♘ - - 
2- ♙ ♙ - - ♙ ♙ ♙ 
1♖ ♘ ♗ ♕ ♔ - - ♖ 

2022/11/15 19:11:11 
2022/11/15 19:11:11 Running Minimax Iterative Deepening Alpha Beta + Quiescence + Eval v3 + Move Sort v2
2022/11/15 19:11:11 
2022/11/15 19:11:11 Engine results <nil> 0
2022/11/15 19:11:11 Total nodes 37 Quiescence search explored 33 nodes
2022/11/15 19:11:11 Exiting engine.
