2022/11/09 18:00:13 File initialization.
2022/11/09 18:00:13 Version go1.19.3
2022/11/09 18:00:13 NumCPU 6
2022/11/09 18:00:13 GOMAXPROCS 6
2022/11/09 18:00:13 BEGIN BENCHMARKING - Minimax Plain Alpha Beta
2022/11/09 18:00:13 Ply: 6
2022/11/09 18:00:13 Starting at time 2022-11-09 18:00:13.2095069 -0500 EST m=+0.009591001
2022/11/09 18:00:13 Starting engine Minimax Plain Alpha Beta
2022/11/09 18:00:13 Features: {true false true false false}
2022/11/09 18:00:13 Top Level Move: b1a3 Eval: -100
2022/11/09 18:00:13 New best move: b1a3
2022/11/09 18:00:13 Top Level Move: b1c3 Eval: -100
2022/11/09 18:00:13 Top Level Move: g1f3 Eval: -100
2022/11/09 18:00:13 Top Level Move: g1h3 Eval: -100
2022/11/09 18:00:13 Top Level Move: a2a3 Eval: -100
2022/11/09 18:00:13 Top Level Move: a2a4 Eval: -100
2022/11/09 18:00:14 Top Level Move: b2b3 Eval: -100
2022/11/09 18:00:14 Top Level Move: b2b4 Eval: -100
2022/11/09 18:00:14 Top Level Move: c2c3 Eval: -100
2022/11/09 18:00:14 Top Level Move: c2c4 Eval: -100
2022/11/09 18:00:14 Top Level Move: d2d3 Eval: -100
2022/11/09 18:00:14 Top Level Move: d2d4 Eval: -100
2022/11/09 18:00:15 Top Level Move: e2e3 Eval: -100
2022/11/09 18:00:15 Top Level Move: e2e4 Eval: -100
2022/11/09 18:00:15 Top Level Move: f2f3 Eval: -100
2022/11/09 18:00:15 Top Level Move: f2f4 Eval: -100
2022/11/09 18:00:15 Top Level Move: g2g3 Eval: -100
2022/11/09 18:00:15 Top Level Move: g2g4 Eval: -100
2022/11/09 18:00:15 Top Level Move: h2h3 Eval: -100
2022/11/09 18:00:15 Top Level Move: h2h4 Eval: -100
2022/11/09 18:00:15 Plain minimax results b1a3 -100
2022/11/09 18:00:15 Complete at time 2022-11-09 18:00:15.9136113 -0500 EST m=+2.713695401
2022/11/09 18:00:15 Best move: b1a3
2022/11/09 18:00:15 Evaluation: -100
2022/11/09 18:00:15 Elapsed time: 2.7031038 seconds
2022/11/09 18:00:15 Nodes explored: 472494
2022/11/09 18:00:15 END BENCHMARKING -
2022/11/09 18:00:15 BEGIN BENCHMARKING - Minimax Plain Alpha Beta
2022/11/09 18:00:15 Ply: 6
2022/11/09 18:00:15 Starting at time 2022-11-09 18:00:15.9145923 -0500 EST m=+2.714676401
2022/11/09 18:00:15 Starting engine Minimax Plain Alpha Beta
2022/11/09 18:00:15 Features: {true false true false false}
2022/11/09 18:00:16 Top Level Move: b1a3 Eval: -100
2022/11/09 18:00:16 New best move: b1a3
2022/11/09 18:00:16 Top Level Move: b1c3 Eval: -100
2022/11/09 18:00:16 Top Level Move: g1f3 Eval: -100
2022/11/09 18:00:16 Top Level Move: g1h3 Eval: -100
2022/11/09 18:00:16 Top Level Move: a2a3 Eval: -100
2022/11/09 18:00:16 Top Level Move: a2a4 Eval: -100
2022/11/09 18:00:16 Top Level Move: b2b3 Eval: -100
2022/11/09 18:00:16 Top Level Move: b2b4 Eval: -100
2022/11/09 18:00:16 Top Level Move: c2c3 Eval: -100
2022/11/09 18:00:17 Top Level Move: c2c4 Eval: -100
2022/11/09 18:00:17 Top Level Move: d2d3 Eval: -100
2022/11/09 18:00:17 Top Level Move: d2d4 Eval: -100
2022/11/09 18:00:17 Top Level Move: e2e3 Eval: -100
2022/11/09 18:00:17 Top Level Move: e2e4 Eval: -100
2022/11/09 18:00:17 Top Level Move: f2f3 Eval: -100
2022/11/09 18:00:17 Top Level Move: f2f4 Eval: -100
2022/11/09 18:00:18 Top Level Move: g2g3 Eval: -100
2022/11/09 18:00:18 Top Level Move: g2g4 Eval: -100
2022/11/09 18:00:18 Top Level Move: h2h3 Eval: -100
2022/11/09 18:00:18 Top Level Move: h2h4 Eval: -100
2022/11/09 18:00:18 Plain minimax results b1a3 -100
2022/11/09 18:00:18 Complete at time 2022-11-09 18:00:18.3721023 -0500 EST m=+5.172186401
2022/11/09 18:00:18 Best move: b1a3
2022/11/09 18:00:18 Evaluation: -100
2022/11/09 18:00:18 Elapsed time: 2.45751 seconds
2022/11/09 18:00:18 Nodes explored: 464223
2022/11/09 18:00:18 END BENCHMARKING -
2022/11/09 18:00:18 Exiting engine.
