2022/11/09 18:05:45 File initialization.
2022/11/09 18:05:45 Version go1.19.3
2022/11/09 18:05:45 NumCPU 6
2022/11/09 18:05:45 GOMAXPROCS 6
2022/11/09 18:05:45 BEGIN BENCHMARKING - Minimax Plain
2022/11/09 18:05:45 Ply: 4
2022/11/09 18:05:45 Starting at time 2022-11-09 18:05:45.464038 -0500 EST m=+0.009877101
2022/11/09 18:05:45 Starting engine Minimax Plain
2022/11/09 18:05:45 Features: {true false false false false}
2022/11/09 18:05:45 Top Level Move: b1a3 Eval: 0
2022/11/09 18:05:45 New best move: b1a3
2022/11/09 18:05:45 Top Level Move: b1c3 Eval: 0
2022/11/09 18:05:45 Top Level Move: g1f3 Eval: 0
2022/11/09 18:05:45 Top Level Move: g1h3 Eval: 0
2022/11/09 18:05:45 Top Level Move: a2a3 Eval: 0
2022/11/09 18:05:45 Top Level Move: a2a4 Eval: 0
2022/11/09 18:05:45 Top Level Move: b2b3 Eval: 0
2022/11/09 18:05:45 Top Level Move: b2b4 Eval: 0
2022/11/09 18:05:45 Top Level Move: c2c3 Eval: 0
2022/11/09 18:05:45 Top Level Move: c2c4 Eval: 0
2022/11/09 18:05:46 Top Level Move: d2d3 Eval: 0
2022/11/09 18:05:46 Top Level Move: d2d4 Eval: 0
2022/11/09 18:05:46 Top Level Move: e2e3 Eval: 0
2022/11/09 18:05:46 Top Level Move: e2e4 Eval: 0
2022/11/09 18:05:46 Top Level Move: f2f3 Eval: 0
2022/11/09 18:05:46 Top Level Move: f2f4 Eval: 0
2022/11/09 18:05:46 Top Level Move: g2g3 Eval: 0
2022/11/09 18:05:46 Top Level Move: g2g4 Eval: 0
2022/11/09 18:05:46 Top Level Move: h2h3 Eval: 0
2022/11/09 18:05:46 Top Level Move: h2h4 Eval: 0
2022/11/09 18:05:46 Plain minimax results b1a3 0
2022/11/09 18:05:46 Complete at time 2022-11-09 18:05:46.5147463 -0500 EST m=+1.060585401
2022/11/09 18:05:46 Best move: b1a3
2022/11/09 18:05:46 Evaluation: 0
2022/11/09 18:05:46 Elapsed time: 1.0507083 seconds
2022/11/09 18:05:46 Nodes explored: 206603
2022/11/09 18:05:46 END BENCHMARKING -
2022/11/09 18:05:46 BEGIN BENCHMARKING - Minimax Plain Alpha Beta
2022/11/09 18:05:46 Ply: 4
2022/11/09 18:05:46 Starting at time 2022-11-09 18:05:46.5157584 -0500 EST m=+1.061597501
2022/11/09 18:05:46 Starting engine Minimax Plain Alpha Beta
2022/11/09 18:05:46 Features: {true false true false false}
2022/11/09 18:05:46 Top Level Move: b1a3 Eval: 0
2022/11/09 18:05:46 New best move: b1a3
2022/11/09 18:05:46 Top Level Move: b1c3 Eval: 0
2022/11/09 18:05:46 Top Level Move: g1f3 Eval: 0
2022/11/09 18:05:46 Top Level Move: g1h3 Eval: 0
2022/11/09 18:05:46 Top Level Move: a2a3 Eval: 0
2022/11/09 18:05:46 Top Level Move: a2a4 Eval: 0
2022/11/09 18:05:46 Top Level Move: b2b3 Eval: 0
2022/11/09 18:05:46 Top Level Move: b2b4 Eval: 0
2022/11/09 18:05:46 Top Level Move: c2c3 Eval: 0
2022/11/09 18:05:46 Top Level Move: c2c4 Eval: 0
2022/11/09 18:05:46 Top Level Move: d2d3 Eval: 0
2022/11/09 18:05:46 Top Level Move: d2d4 Eval: 0
2022/11/09 18:05:46 Top Level Move: e2e3 Eval: 0
2022/11/09 18:05:46 Top Level Move: e2e4 Eval: 0
2022/11/09 18:05:46 Top Level Move: f2f3 Eval: 0
2022/11/09 18:05:46 Top Level Move: f2f4 Eval: 0
2022/11/09 18:05:46 Top Level Move: g2g3 Eval: 0
2022/11/09 18:05:46 Top Level Move: g2g4 Eval: 0
2022/11/09 18:05:46 Top Level Move: h2h3 Eval: 0
2022/11/09 18:05:46 Top Level Move: h2h4 Eval: 0
2022/11/09 18:05:46 Plain minimax results b1a3 0
2022/11/09 18:05:46 Complete at time 2022-11-09 18:05:46.6017499 -0500 EST m=+1.147589001
2022/11/09 18:05:46 Best move: b1a3
2022/11/09 18:05:46 Evaluation: 0
2022/11/09 18:05:46 Elapsed time: 0.0859915 seconds
2022/11/09 18:05:46 Nodes explored: 15083
2022/11/09 18:05:46 END BENCHMARKING -
2022/11/09 18:05:46 BEGIN BENCHMARKING - Minimax Plain Alpha Beta
2022/11/09 18:05:46 Ply: 4
2022/11/09 18:05:46 Starting at time 2022-11-09 18:05:46.6017499 -0500 EST m=+1.147589001
2022/11/09 18:05:46 Starting engine Minimax Plain Alpha Beta
2022/11/09 18:05:46 Features: {true false true false false}
2022/11/09 18:05:46 Top Level Move: b1a3 Eval: 0
2022/11/09 18:05:46 New best move: b1a3
2022/11/09 18:05:46 Top Level Move: b1c3 Eval: 0
2022/11/09 18:05:46 Top Level Move: g1f3 Eval: 0
2022/11/09 18:05:46 Top Level Move: g1h3 Eval: 0
2022/11/09 18:05:46 Top Level Move: a2a3 Eval: 0
2022/11/09 18:05:46 Top Level Move: a2a4 Eval: 0
2022/11/09 18:05:46 Top Level Move: b2b3 Eval: 0
2022/11/09 18:05:46 Top Level Move: b2b4 Eval: 0
2022/11/09 18:05:46 Top Level Move: c2c3 Eval: 0
2022/11/09 18:05:46 Top Level Move: c2c4 Eval: 0
2022/11/09 18:05:46 Top Level Move: d2d3 Eval: 0
2022/11/09 18:05:46 Top Level Move: d2d4 Eval: 0
2022/11/09 18:05:46 Top Level Move: e2e3 Eval: 0
2022/11/09 18:05:46 Top Level Move: e2e4 Eval: 0
2022/11/09 18:05:46 Top Level Move: f2f3 Eval: 0
2022/11/09 18:05:46 Top Level Move: f2f4 Eval: 0
2022/11/09 18:05:46 Top Level Move: g2g3 Eval: 0
2022/11/09 18:05:46 Top Level Move: g2g4 Eval: 0
2022/11/09 18:05:46 Top Level Move: h2h3 Eval: 0
2022/11/09 18:05:46 Top Level Move: h2h4 Eval: 0
2022/11/09 18:05:46 Plain minimax results b1a3 0
2022/11/09 18:05:46 Complete at time 2022-11-09 18:05:46.75477 -0500 EST m=+1.300609101
2022/11/09 18:05:46 Best move: b1a3
2022/11/09 18:05:46 Evaluation: 0
2022/11/09 18:05:46 Elapsed time: 0.1530201 seconds
2022/11/09 18:05:46 Nodes explored: 22713
2022/11/09 18:05:46 END BENCHMARKING -
2022/11/09 18:05:46 Exiting engine.
