2022/11/13 22:35:25 File initialization.
2022/11/13 22:35:25 Version go1.19.3
2022/11/13 22:35:25 NumCPU 6
2022/11/13 22:35:25 GOMAXPROCS 6
2022/11/13 22:35:25 
2022/11/13 22:35:25 Running engine...
2022/11/13 22:35:25 Manual challenge started.
2022/11/13 22:35:25 Engine: Minimax Plain Alpha Beta + Quiescence
2022/11/13 22:35:25 Playing as b
2022/11/13 22:35:25 
2022/11/13 22:35:27 b e2e4 0
2022/11/13 22:35:27 rnbqkbnr/pppppppp/8/8/4P3/8/PPPP1PPP/RNBQKBNR b KQkq e3 0 1
2022/11/13 22:35:27 
 A B C D E F G H
8♜ ♞ ♝ ♛ ♚ ♝ ♞ ♜ 
7♟ ♟ ♟ ♟ ♟ ♟ ♟ ♟ 
6- - - - - - - - 
5- - - - - - - - 
4- - - - ♙ - - - 
3- - - - - - - - 
2♙ ♙ ♙ ♙ - ♙ ♙ ♙ 
1♖ ♘ ♗ ♕ ♔ ♗ ♘ ♖ 

2022/11/13 22:35:27 
2022/11/13 22:35:28 w g8f6 0
2022/11/13 22:35:28 rnbqkb1r/pppppppp/5n2/8/4P3/8/PPPP1PPP/RNBQKBNR w KQkq - 1 2
2022/11/13 22:35:28 
 A B C D E F G H
8♜ ♞ ♝ ♛ ♚ ♝ - ♜ 
7♟ ♟ ♟ ♟ ♟ ♟ ♟ ♟ 
6- - - - - ♞ - - 
5- - - - - - - - 
4- - - - ♙ - - - 
3- - - - - - - - 
2♙ ♙ ♙ ♙ - ♙ ♙ ♙ 
1♖ ♘ ♗ ♕ ♔ ♗ ♘ ♖ 

2022/11/13 22:35:28 
2022/11/13 22:36:07 b b1c3 0
2022/11/13 22:36:07 rnbqkb1r/pppppppp/5n2/8/4P3/2N5/PPPP1PPP/R1BQKBNR b KQkq - 2 2
2022/11/13 22:36:07 
 A B C D E F G H
8♜ ♞ ♝ ♛ ♚ ♝ - ♜ 
7♟ ♟ ♟ ♟ ♟ ♟ ♟ ♟ 
6- - - - - ♞ - - 
5- - - - - - - - 
4- - - - ♙ - - - 
3- - ♘ - - - - - 
2♙ ♙ ♙ ♙ - ♙ ♙ ♙ 
1♖ - ♗ ♕ ♔ ♗ ♘ ♖ 

2022/11/13 22:36:07 
2022/11/13 22:36:07 w d7d5 0
2022/11/13 22:36:07 rnbqkb1r/ppp1pppp/5n2/3p4/4P3/2N5/PPPP1PPP/R1BQKBNR w KQkq d6 0 3
2022/11/13 22:36:07 
 A B C D E F G H
8♜ ♞ ♝ ♛ ♚ ♝ - ♜ 
7♟ ♟ ♟ - ♟ ♟ ♟ ♟ 
6- - - - - ♞ - - 
5- - - ♟ - - - - 
4- - - - ♙ - - - 
3- - ♘ - - - - - 
2♙ ♙ ♙ ♙ - ♙ ♙ ♙ 
1♖ - ♗ ♕ ♔ ♗ ♘ ♖ 

2022/11/13 22:36:07 
2022/11/13 22:36:22 b e4d5 0
2022/11/13 22:36:22 rnbqkb1r/ppp1pppp/5n2/3P4/8/2N5/PPPP1PPP/R1BQKBNR b KQkq - 0 3
2022/11/13 22:36:22 
 A B C D E F G H
8♜ ♞ ♝ ♛ ♚ ♝ - ♜ 
7♟ ♟ ♟ - ♟ ♟ ♟ ♟ 
6- - - - - ♞ - - 
5- - - ♙ - - - - 
4- - - - - - - - 
3- - ♘ - - - - - 
2♙ ♙ ♙ ♙ - ♙ ♙ ♙ 
1♖ - ♗ ♕ ♔ ♗ ♘ ♖ 

2022/11/13 22:36:22 
2022/11/13 22:36:22 w c7c6 0
2022/11/13 22:36:22 rnbqkb1r/pp2pppp/2p2n2/3P4/8/2N5/PPPP1PPP/R1BQKBNR w KQkq - 0 4
2022/11/13 22:36:22 
 A B C D E F G H
8♜ ♞ ♝ ♛ ♚ ♝ - ♜ 
7♟ ♟ - - ♟ ♟ ♟ ♟ 
6- - ♟ - - ♞ - - 
5- - - ♙ - - - - 
4- - - - - - - - 
3- - ♘ - - - - - 
2♙ ♙ ♙ ♙ - ♙ ♙ ♙ 
1♖ - ♗ ♕ ♔ ♗ ♘ ♖ 

2022/11/13 22:36:22 
2022/11/13 22:36:37 b d5c6 0
2022/11/13 22:36:37 rnbqkb1r/pp2pppp/2P2n2/8/8/2N5/PPPP1PPP/R1BQKBNR b KQkq - 0 4
2022/11/13 22:36:37 
 A B C D E F G H
8♜ ♞ ♝ ♛ ♚ ♝ - ♜ 
7♟ ♟ - - ♟ ♟ ♟ ♟ 
6- - ♙ - - ♞ - - 
5- - - - - - - - 
4- - - - - - - - 
3- - ♘ - - - - - 
2♙ ♙ ♙ ♙ - ♙ ♙ ♙ 
1♖ - ♗ ♕ ♔ ♗ ♘ ♖ 

2022/11/13 22:36:37 
2022/11/13 22:36:37 Running Minimax Plain Alpha Beta + Quiescence
2022/11/13 22:36:37 
2022/11/13 22:36:37 Iterative deepening depth 1
2022/11/13 22:36:37 New best move: b7c6
2022/11/13 22:36:37 New best move: b8c6
2022/11/13 22:36:37 Best move: b8c6 Eval: -90
2022/11/13 22:36:37 Depth: 1 Nodes: 241
2022/11/13 22:36:37 Time since start_time: 8.0019ms
2022/11/13 22:36:37 
2022/11/13 22:36:37 Iterative deepening depth 2
2022/11/13 22:36:37 New best move: b7c6
2022/11/13 22:36:37 New best move: b8c6
2022/11/13 22:36:37 Best move: b8c6 Eval: -140
2022/11/13 22:36:37 Depth: 2 Nodes: 2736
2022/11/13 22:36:37 Time since start_time: 23.0006ms
2022/11/13 22:36:37 
2022/11/13 22:36:37 Iterative deepening depth 3
2022/11/13 22:36:37 New best move: b7c6
2022/11/13 22:36:38 New best move: b8c6
2022/11/13 22:36:38 Best move: b8c6 Eval: -70
2022/11/13 22:36:38 Depth: 3 Nodes: 26674
2022/11/13 22:36:38 Time since start_time: 309.0596ms
2022/11/13 22:36:38 
2022/11/13 22:36:38 Iterative deepening depth 4
2022/11/13 22:36:38 New best move: b7c6
2022/11/13 22:36:39 New best move: b8c6
2022/11/13 22:36:39 Best move: b8c6 Eval: -90
2022/11/13 22:36:39 Depth: 4 Nodes: 181383
2022/11/13 22:36:39 Time since start_time: 1.3388917s
2022/11/13 22:36:39 
2022/11/13 22:36:39 Iterative deepening depth 5
2022/11/13 22:36:39 New best move: b7c6
2022/11/13 22:36:54 New best move: b8c6
2022/11/13 22:36:54 Time up, returning best move so far.
2022/11/13 22:36:54 
2022/11/13 22:36:54 Engine results b8c6 -90
2022/11/13 22:36:54 Quiescence search explored 1124870 nodes
2022/11/13 22:36:54 w b8c6 -90
2022/11/13 22:36:54 r1bqkb1r/pp2pppp/2n2n2/8/8/2N5/PPPP1PPP/R1BQKBNR w KQkq - 0 5
2022/11/13 22:36:54 
 A B C D E F G H
8♜ - ♝ ♛ ♚ ♝ - ♜ 
7♟ ♟ - - ♟ ♟ ♟ ♟ 
6- - ♞ - - ♞ - - 
5- - - - - - - - 
4- - - - - - - - 
3- - ♘ - - - - - 
2♙ ♙ ♙ ♙ - ♙ ♙ ♙ 
1♖ - ♗ ♕ ♔ ♗ ♘ ♖ 

2022/11/13 22:36:54 
2022/11/13 22:37:29 Exiting engine.
