2022/11/09 18:08:41 File initialization.
2022/11/09 18:08:41 Version go1.19.3
2022/11/09 18:08:41 NumCPU 6
2022/11/09 18:08:41 GOMAXPROCS 6
2022/11/09 18:08:41 BEGIN BENCHMARKING - Minimax Plain
2022/11/09 18:08:41 Ply: 4
2022/11/09 18:08:41 Starting at time 2022-11-09 18:08:41.7815373 -0500 EST m=+0.010240801
2022/11/09 18:08:41 Starting engine Minimax Plain
2022/11/09 18:08:41 Features: {true false false false false}
2022/11/09 18:08:41 Top Level Move: b1a3 Eval: 0
2022/11/09 18:08:41 New best move: b1a3
2022/11/09 18:08:41 Top Level Move: b1c3 Eval: 0
2022/11/09 18:08:41 Top Level Move: g1f3 Eval: 0
2022/11/09 18:08:41 Top Level Move: g1h3 Eval: 0
2022/11/09 18:08:42 Top Level Move: a2a3 Eval: 0
2022/11/09 18:08:42 Top Level Move: a2a4 Eval: 0
2022/11/09 18:08:42 Top Level Move: b2b3 Eval: 0
2022/11/09 18:08:42 Top Level Move: b2b4 Eval: 0
2022/11/09 18:08:42 Top Level Move: c2c3 Eval: 0
2022/11/09 18:08:42 Top Level Move: c2c4 Eval: 0
2022/11/09 18:08:42 Top Level Move: d2d3 Eval: 0
2022/11/09 18:08:42 Top Level Move: d2d4 Eval: 0
2022/11/09 18:08:42 Top Level Move: e2e3 Eval: 0
2022/11/09 18:08:42 Top Level Move: e2e4 Eval: 0
2022/11/09 18:08:42 Top Level Move: f2f3 Eval: 0
2022/11/09 18:08:42 Top Level Move: f2f4 Eval: 0
2022/11/09 18:08:42 Top Level Move: g2g3 Eval: 0
2022/11/09 18:08:42 Top Level Move: g2g4 Eval: 0
2022/11/09 18:08:42 Top Level Move: h2h3 Eval: 0
2022/11/09 18:08:42 Top Level Move: h2h4 Eval: 0
2022/11/09 18:08:42 Plain minimax results b1a3 0
2022/11/09 18:08:42 Complete at time 2022-11-09 18:08:42.8322459 -0500 EST m=+1.060949401
2022/11/09 18:08:42 Best move: b1a3
2022/11/09 18:08:42 Evaluation: 0
2022/11/09 18:08:42 Elapsed time: 1.0507086 seconds
2022/11/09 18:08:42 Nodes explored: 206603
2022/11/09 18:08:42 END BENCHMARKING -
2022/11/09 18:08:42 BEGIN BENCHMARKING - Minimax Plain Alpha Beta
2022/11/09 18:08:42 Ply: 4
2022/11/09 18:08:42 Starting at time 2022-11-09 18:08:42.8332461 -0500 EST m=+1.061949601
2022/11/09 18:08:42 Starting engine Minimax Plain Alpha Beta
2022/11/09 18:08:42 Features: {true false true false false}
2022/11/09 18:08:42 Top Level Move: b1a3 Eval: 0
2022/11/09 18:08:42 New best move: b1a3
2022/11/09 18:08:42 Top Level Move: b1c3 Eval: 0
2022/11/09 18:08:42 Top Level Move: g1f3 Eval: 0
2022/11/09 18:08:42 Top Level Move: g1h3 Eval: 0
2022/11/09 18:08:42 Top Level Move: a2a3 Eval: 0
2022/11/09 18:08:42 Top Level Move: a2a4 Eval: 0
2022/11/09 18:08:42 Top Level Move: b2b3 Eval: 0
2022/11/09 18:08:42 Top Level Move: b2b4 Eval: 0
2022/11/09 18:08:42 Top Level Move: c2c3 Eval: 0
2022/11/09 18:08:42 Top Level Move: c2c4 Eval: 0
2022/11/09 18:08:42 Top Level Move: d2d3 Eval: 0
2022/11/09 18:08:42 Top Level Move: d2d4 Eval: 0
2022/11/09 18:08:42 Top Level Move: e2e3 Eval: 0
2022/11/09 18:08:42 Top Level Move: e2e4 Eval: 0
2022/11/09 18:08:42 Top Level Move: f2f3 Eval: 0
2022/11/09 18:08:42 Top Level Move: f2f4 Eval: 0
2022/11/09 18:08:42 Top Level Move: g2g3 Eval: 0
2022/11/09 18:08:42 Top Level Move: g2g4 Eval: 0
2022/11/09 18:08:42 Top Level Move: h2h3 Eval: 0
2022/11/09 18:08:42 Top Level Move: h2h4 Eval: 0
2022/11/09 18:08:42 Plain minimax results b1a3 0
2022/11/09 18:08:42 Complete at time 2022-11-09 18:08:42.9155335 -0500 EST m=+1.144237001
2022/11/09 18:08:42 Best move: b1a3
2022/11/09 18:08:42 Evaluation: 0
2022/11/09 18:08:42 Elapsed time: 0.0822874 seconds
2022/11/09 18:08:42 Nodes explored: 15083
2022/11/09 18:08:42 END BENCHMARKING -
2022/11/09 18:08:42 BEGIN BENCHMARKING - Minimax Plain Alpha Beta
2022/11/09 18:08:42 Ply: 4
2022/11/09 18:08:42 Starting at time 2022-11-09 18:08:42.9165377 -0500 EST m=+1.145241201
2022/11/09 18:08:42 Starting engine Minimax Plain Alpha Beta
2022/11/09 18:08:42 Features: {true false true false false}
2022/11/09 18:08:42 Top Level Move: b1a3 Eval: 0
2022/11/09 18:08:42 New best move: b1a3
2022/11/09 18:08:42 Top Level Move: b1c3 Eval: 0
2022/11/09 18:08:42 Top Level Move: g1f3 Eval: 0
2022/11/09 18:08:42 Top Level Move: g1h3 Eval: 0
2022/11/09 18:08:42 Top Level Move: a2a3 Eval: 0
2022/11/09 18:08:42 Top Level Move: a2a4 Eval: 0
2022/11/09 18:08:42 Top Level Move: b2b3 Eval: 0
2022/11/09 18:08:42 Top Level Move: b2b4 Eval: 0
2022/11/09 18:08:42 Top Level Move: c2c3 Eval: 0
2022/11/09 18:08:42 Top Level Move: c2c4 Eval: 0
2022/11/09 18:08:42 Top Level Move: d2d3 Eval: 0
2022/11/09 18:08:42 Top Level Move: d2d4 Eval: 0
2022/11/09 18:08:42 Top Level Move: e2e3 Eval: 0
2022/11/09 18:08:42 Top Level Move: e2e4 Eval: 0
2022/11/09 18:08:42 Top Level Move: f2f3 Eval: 0
2022/11/09 18:08:42 Top Level Move: f2f4 Eval: 0
2022/11/09 18:08:43 Top Level Move: g2g3 Eval: 0
2022/11/09 18:08:43 Top Level Move: g2g4 Eval: 0
2022/11/09 18:08:43 Top Level Move: h2h3 Eval: 0
2022/11/09 18:08:43 Top Level Move: h2h4 Eval: 0
2022/11/09 18:08:43 Plain minimax results b1a3 0
2022/11/09 18:08:43 Complete at time 2022-11-09 18:08:43.0222382 -0500 EST m=+1.250941701
2022/11/09 18:08:43 Best move: b1a3
2022/11/09 18:08:43 Evaluation: 0
2022/11/09 18:08:43 Elapsed time: 0.1057005 seconds
2022/11/09 18:08:43 Nodes explored: 15188
2022/11/09 18:08:43 END BENCHMARKING -
2022/11/09 18:08:43 Exiting engine.
