2022/11/11 16:10:57 File initialization.
2022/11/11 16:10:57 Version go1.19.3
2022/11/11 16:10:57 NumCPU 6
2022/11/11 16:10:57 GOMAXPROCS 6
2022/11/11 16:10:57 
2022/11/11 16:10:57 Running test on engine: Minimax Plain Alpha Beta + Quiescence
2022/11/11 16:10:57 FEN: 6r1/pppk4/3p4/8/2PnPp1Q/7P/PP6/6RK b - - 0 25
2022/11/11 16:10:57 Running minimax_plain_ab_q_engine_func
2022/11/11 16:10:57 Top Level Move: g8g1 Eval: 320
2022/11/11 16:10:57 New best move: g8g1
2022/11/11 16:10:57 Top Level Move: d7c6 Eval: -1080
2022/11/11 16:10:57 Top Level Move: d7e6 Eval: -1080
2022/11/11 16:10:57 Top Level Move: d7c8 Eval: -1180
2022/11/11 16:10:57 Top Level Move: d7e8 Eval: -1080
2022/11/11 16:10:57 Top Level Move: g8g2 Eval: -1080
2022/11/11 16:10:57 Top Level Move: g8g3 Eval: -680
2022/11/11 16:10:57 Top Level Move: g8g4 Eval: -1080
2022/11/11 16:10:57 Top Level Move: g8g5 Eval: -1080
2022/11/11 16:10:57 Top Level Move: g8g6 Eval: -1080
2022/11/11 16:10:57 Top Level Move: g8g7 Eval: -1180
2022/11/11 16:10:57 Top Level Move: g8a8 Eval: -680
2022/11/11 16:10:57 Top Level Move: g8b8 Eval: -680
2022/11/11 16:10:57 Top Level Move: g8c8 Eval: -680
2022/11/11 16:10:58 Top Level Move: g8d8 Eval: -680
2022/11/11 16:10:58 Top Level Move: g8e8 Eval: -680
2022/11/11 16:10:58 Top Level Move: g8f8 Eval: -580
2022/11/11 16:10:58 Top Level Move: g8h8 Eval: -1080
2022/11/11 16:10:58 Top Level Move: d4c2 Eval: -1080
2022/11/11 16:10:58 Top Level Move: d4e2 Eval: -1080
2022/11/11 16:10:58 Top Level Move: d4b3 Eval: -1080
2022/11/11 16:10:58 Top Level Move: d4f3 Eval: -1080
2022/11/11 16:10:58 Top Level Move: d4b5 Eval: -1180
2022/11/11 16:10:58 Top Level Move: d4f5 Eval: -900
2022/11/11 16:10:58 Top Level Move: d4c6 Eval: -1080
2022/11/11 16:10:58 Top Level Move: d4e6 Eval: -1080
2022/11/11 16:10:58 Top Level Move: f4f3 Eval: -1080
2022/11/11 16:10:58 Top Level Move: d6d5 Eval: -1080
2022/11/11 16:10:58 Top Level Move: a7a5 Eval: -1080
2022/11/11 16:10:58 Top Level Move: a7a6 Eval: -1080
2022/11/11 16:10:58 Top Level Move: b7b5 Eval: -1080
2022/11/11 16:10:58 Top Level Move: b7b6 Eval: -1080
2022/11/11 16:10:58 Top Level Move: c7c5 Eval: -1080
2022/11/11 16:10:58 Top Level Move: c7c6 Eval: -1080
2022/11/11 16:10:58 Plain minimax results g8g1 320
2022/11/11 16:10:58 Quiescence search explored 30892 nodes
2022/11/11 16:10:58 TEST PASSED
2022/11/11 16:10:58 Running test on engine: Minimax Plain Alpha Beta + Quiescence
2022/11/11 16:10:58 FEN: 3qr2k/pbpp2pp/1p5N/3Q2b1/2P1P3/P7/1PP2PPP/R4RK1 w - - 0 1
2022/11/11 16:10:58 Running minimax_plain_ab_q_engine_func
2022/11/11 16:10:58 Top Level Move: d5g8 Eval: 30000
2022/11/11 16:10:58 New best move: d5g8
2022/11/11 16:10:58 Top Level Move: h6f7 Eval: 370
2022/11/11 16:10:58 Top Level Move: g1h1 Eval: -530
2022/11/11 16:10:58 Top Level Move: d5d1 Eval: 40
2022/11/11 16:10:58 Top Level Move: d5d2 Eval: -60
2022/11/11 16:10:58 Top Level Move: d5d3 Eval: 40
2022/11/11 16:10:58 Top Level Move: d5d4 Eval: 40
2022/11/11 16:10:58 Top Level Move: d5a5 Eval: 40
2022/11/11 16:10:59 Top Level Move: d5b5 Eval: 40
2022/11/11 16:10:59 Top Level Move: d5c5 Eval: -60
2022/11/11 16:10:59 Top Level Move: d5e5 Eval: -60
2022/11/11 16:10:59 Top Level Move: d5f5 Eval: 40
2022/11/11 16:10:59 Top Level Move: d5c6 Eval: 40
2022/11/11 16:10:59 Top Level Move: d5d6 Eval: -60
2022/11/11 16:10:59 Top Level Move: d5e6 Eval: -60
2022/11/11 16:10:59 Top Level Move: d5f7 Eval: 40
2022/11/11 16:10:59 Top Level Move: a1b1 Eval: -530
2022/11/11 16:10:59 Top Level Move: a1c1 Eval: -640
2022/11/11 16:10:59 Top Level Move: a1d1 Eval: -530
2022/11/11 16:10:59 Top Level Move: a1e1 Eval: -530
2022/11/11 16:10:59 Top Level Move: a1a2 Eval: -530
2022/11/11 16:10:59 Top Level Move: f1b1 Eval: -530
2022/11/11 16:10:59 Top Level Move: f1c1 Eval: -640
2022/11/11 16:10:59 Top Level Move: f1d1 Eval: -530
2022/11/11 16:10:59 Top Level Move: f1e1 Eval: -530
2022/11/11 16:10:59 Top Level Move: h6g4 Eval: -210
2022/11/11 16:10:59 Top Level Move: h6f5 Eval: -210
2022/11/11 16:10:59 Top Level Move: h6g8 Eval: -530
2022/11/11 16:10:59 Top Level Move: b2b3 Eval: -530
2022/11/11 16:10:59 Top Level Move: b2b4 Eval: -530
2022/11/11 16:10:59 Top Level Move: c2c3 Eval: -530
2022/11/11 16:10:59 Top Level Move: f2f3 Eval: -530
2022/11/11 16:10:59 Top Level Move: f2f4 Eval: -310
2022/11/11 16:10:59 Top Level Move: g2g3 Eval: -530
2022/11/11 16:10:59 Top Level Move: g2g4 Eval: -530
2022/11/11 16:10:59 Top Level Move: h2h3 Eval: -530
2022/11/11 16:10:59 Top Level Move: h2h4 Eval: -310
2022/11/11 16:10:59 Top Level Move: a3a4 Eval: -530
2022/11/11 16:10:59 Top Level Move: c4c5 Eval: -530
2022/11/11 16:10:59 Top Level Move: e4e5 Eval: -530
2022/11/11 16:10:59 Top Level Move: d5g5 Eval: 370
2022/11/11 16:10:59 Top Level Move: d5b7 Eval: 370
2022/11/11 16:10:59 Top Level Move: d5d7 Eval: -440
2022/11/11 16:10:59 Plain minimax results d5g8 30000
2022/11/11 16:10:59 Quiescence search explored 164143 nodes
2022/11/11 16:10:59 TEST PASSED
2022/11/11 16:10:59 Running test on engine: Minimax Plain Alpha Beta + Quiescence
2022/11/11 16:10:59 FEN: 3q2r1/4n2k/p1p1rBpp/PpPpPp2/1P3P1Q/2P3R1/7P/1R5K w - - 1 1
2022/11/11 16:10:59 Running minimax_plain_ab_q_engine_func
2022/11/11 16:10:59 Top Level Move: h1g1 Eval: 10
2022/11/11 16:10:59 New best move: h1g1
2022/11/11 16:10:59 Top Level Move: h1g2 Eval: 10
2022/11/11 16:11:00 Top Level Move: h4h3 Eval: 10
2022/11/11 16:11:01 Top Level Move: h4g4 Eval: -790
2022/11/11 16:11:01 Top Level Move: h4g5 Eval: 10
2022/11/11 16:11:01 Top Level Move: h4h5 Eval: -890
2022/11/11 16:11:01 Top Level Move: b1a1 Eval: 10
2022/11/11 16:11:01 Top Level Move: b1c1 Eval: 10
2022/11/11 16:11:01 Top Level Move: b1d1 Eval: 10
2022/11/11 16:11:02 Top Level Move: b1e1 Eval: 10
2022/11/11 16:11:02 Top Level Move: b1f1 Eval: 10
2022/11/11 16:11:02 Top Level Move: b1g1 Eval: 10
2022/11/11 16:11:02 Top Level Move: b1b2 Eval: 10
2022/11/11 16:11:02 Top Level Move: b1b3 Eval: 10
