2022/11/13 23:32:56 File initialization.
2022/11/13 23:32:56 Version go1.19.3
2022/11/13 23:32:56 NumCPU 6
2022/11/13 23:32:56 GOMAXPROCS 6
2022/11/13 23:32:56 
2022/11/13 23:32:56 Running engine...
2022/11/13 23:32:56 Manual challenge started.
2022/11/13 23:32:56 Engine: Minimax Iterative Deepening Alpha Beta + Quiescence + Eval v3
2022/11/13 23:32:56 Playing as b
2022/11/13 23:32:56 Game: 
 *
2022/11/13 23:32:56 
 A B C D E F G H
8- - ♚ ♜ - ♝ - ♜ 
7♟ ♟ ♛ - - ♟ ♟ ♟ 
6- - ♞ - ♝ ♞ - - 
5- ♖ - - ♟ - ♗ - 
4- - - - - - - - 
3- - ♘ ♙ - ♘ - - 
2♙ - ♙ - - ♙ ♙ ♙ 
1- - - ♕ ♖ - ♔ - 

2022/11/13 23:32:56 
2022/11/13 23:32:56 Enter move:
2022/11/13 23:32:58 Invalid move.
2022/11/13 23:32:58 Did you mean?
2022/11/13 23:32:58 Kf1
2022/11/13 23:32:58 Kh1
2022/11/13 23:32:58 Qa1
2022/11/13 23:32:58 Qb1
2022/11/13 23:32:58 Qc1
2022/11/13 23:32:58 Qd2
2022/11/13 23:32:58 Qe2
2022/11/13 23:32:58 Rf1
2022/11/13 23:32:58 Re2
2022/11/13 23:32:58 Re3
2022/11/13 23:32:58 Re4
2022/11/13 23:32:58 Rexe5
2022/11/13 23:32:58 Rb1
2022/11/13 23:32:58 Rb2
2022/11/13 23:32:58 Rb3
2022/11/13 23:32:58 Rb4
2022/11/13 23:32:58 Ra5
2022/11/13 23:32:58 Rc5
2022/11/13 23:32:58 Rd5
2022/11/13 23:32:58 Rbxe5
2022/11/13 23:32:58 Rb6
2022/11/13 23:32:58 Rxb7
2022/11/13 23:32:58 Bc1
2022/11/13 23:32:58 Bd2
2022/11/13 23:32:58 Be3
2022/11/13 23:32:58 Bf4
2022/11/13 23:32:58 Bh4
2022/11/13 23:32:58 Bxf6
2022/11/13 23:32:58 Bh6
2022/11/13 23:32:58 Nb1
2022/11/13 23:32:58 Ne2
2022/11/13 23:32:58 Na4
2022/11/13 23:32:58 Ne4
2022/11/13 23:32:58 Nd5
2022/11/13 23:32:58 Nd2
2022/11/13 23:32:58 Nd4
2022/11/13 23:32:58 Nh4
2022/11/13 23:32:58 Nxe5
2022/11/13 23:32:58 a3
2022/11/13 23:32:58 a4
2022/11/13 23:32:58 g3
2022/11/13 23:32:58 g4
2022/11/13 23:32:58 h3
2022/11/13 23:32:58 h4
2022/11/13 23:32:58 d4
2022/11/13 23:32:58 Enter move:
