2022/11/13 23:01:08 File initialization.
2022/11/13 23:01:08 Version go1.19.3
2022/11/13 23:01:08 NumCPU 6
2022/11/13 23:01:08 GOMAXPROCS 6
2022/11/13 23:01:08 
2022/11/13 23:01:08 Running engine...
2022/11/13 23:01:09 Manual challenge started.
2022/11/13 23:01:09 Engine: Minimax Iterative Deepening Alpha Beta + Quiescence + Eval v3
2022/11/13 23:01:09 Playing as b
2022/11/13 23:01:09 Game: 
 *
2022/11/13 23:01:09 
 A B C D E F G H
8♜ - ♝ - ♚ ♝ - ♜ 
7♟ ♟ - - ♟ ♟ ♟ ♟ 
6- - ♞ - - ♞ - - 
5- - - - - - - - 
4- - ♛ - - - - - 
3- - ♘ - - ♘ - - 
2♙ ♙ ♙ ♙ - ♙ ♙ ♙ 
1♖ - ♗ ♕ ♔ - - ♖ 

2022/11/13 23:01:09 
2022/11/13 23:01:11 Exiting engine.
