2022/11/13 23:20:43 File initialization.
2022/11/13 23:20:43 Version go1.19.3
2022/11/13 23:20:43 NumCPU 6
2022/11/13 23:20:43 GOMAXPROCS 6
2022/11/13 23:20:43 
2022/11/13 23:20:43 Running engine...
2022/11/13 23:20:44 Manual challenge started.
2022/11/13 23:20:44 Engine: Minimax Iterative Deepening Alpha Beta + Quiescence + Eval v3
2022/11/13 23:20:44 Playing as b
2022/11/13 23:20:44 Game: 
 *
2022/11/13 23:20:44 
 A B C D E F G H
8♜ - ♝ - ♚ ♝ - ♜ 
7♟ ♟ - - - ♟ ♟ ♟ 
6- - ♞ - - ♞ - - 
5- - - - ♟ - - - 
4- ♛ - - - - - - 
3- - ♘ ♙ - ♘ - - 
2♙ ♙ ♙ - - ♙ ♙ ♙ 
1♖ - ♗ ♕ - ♖ ♔ - 

2022/11/13 23:20:44 
2022/11/13 23:20:46 b c1d2 0
2022/11/13 23:20:46 r1b1kb1r/pp3ppp/2n2n2/4p3/1q6/2NP1N2/PPPB1PPP/R2Q1RK1 b kq - 1 9
2022/11/13 23:20:46 
 A B C D E F G H
8♜ - ♝ - ♚ ♝ - ♜ 
7♟ ♟ - - - ♟ ♟ ♟ 
6- - ♞ - - ♞ - - 
5- - - - ♟ - - - 
4- ♛ - - - - - - 
3- - ♘ ♙ - ♘ - - 
2♙ ♙ ♙ ♗ - ♙ ♙ ♙ 
1♖ - - ♕ - ♖ ♔ - 

2022/11/13 23:20:46 
2022/11/13 23:20:46 Running Minimax Iterative Deepening Alpha Beta + Quiescence + Eval v3
2022/11/13 23:20:46 Duration: 15s
2022/11/13 23:20:46 
2022/11/13 23:20:46 Iterative deepening depth 1
2022/11/13 23:20:46 Best move: b4b2 Eval: 280
2022/11/13 23:20:46 Depth: 1 Nodes: 263
2022/11/13 23:20:46 Time since start_time: 4.7508ms
2022/11/13 23:20:46 
2022/11/13 23:20:46 Iterative deepening depth 2
2022/11/13 23:20:46 Best move: b4b2 Eval: 275
2022/11/13 23:20:46 Depth: 2 Nodes: 4780
2022/11/13 23:20:46 Time since start_time: 40.7599ms
2022/11/13 23:20:46 
2022/11/13 23:20:46 Iterative deepening depth 3
2022/11/13 23:20:47 Best move: b4b2 Eval: 280
2022/11/13 23:20:47 Depth: 3 Nodes: 81018
2022/11/13 23:20:47 Time since start_time: 760.184ms
2022/11/13 23:20:47 
2022/11/13 23:20:47 Iterative deepening depth 4
2022/11/13 23:20:50 Best move: b4b2 Eval: 275
2022/11/13 23:20:50 Depth: 4 Nodes: 579011
2022/11/13 23:20:50 Time since start_time: 4.4810084s
2022/11/13 23:20:50 
2022/11/13 23:20:50 Iterative deepening depth 5
2022/11/13 23:21:02 Time up, returning best move so far.
2022/11/13 23:21:02 
2022/11/13 23:21:02 Engine results b4b2 275
2022/11/13 23:21:02 Quiescence search explored 1088043 nodes
2022/11/13 23:21:02 w b4b2 275
2022/11/13 23:21:02 r1b1kb1r/pp3ppp/2n2n2/4p3/8/2NP1N2/PqPB1PPP/R2Q1RK1 w kq - 0 10
2022/11/13 23:21:02 
 A B C D E F G H
8♜ - ♝ - ♚ ♝ - ♜ 
7♟ ♟ - - - ♟ ♟ ♟ 
6- - ♞ - - ♞ - - 
5- - - - ♟ - - - 
4- - - - - - - - 
3- - ♘ ♙ - ♘ - - 
2♙ ♛ ♙ ♗ - ♙ ♙ ♙ 
1♖ - - ♕ - ♖ ♔ - 

2022/11/13 23:21:02 
2022/11/13 23:21:34 b a1b1 0
2022/11/13 23:21:34 r1b1kb1r/pp3ppp/2n2n2/4p3/8/2NP1N2/PqPB1PPP/1R1Q1RK1 b kq - 1 10
2022/11/13 23:21:34 
 A B C D E F G H
8♜ - ♝ - ♚ ♝ - ♜ 
7♟ ♟ - - - ♟ ♟ ♟ 
6- - ♞ - - ♞ - - 
5- - - - ♟ - - - 
4- - - - - - - - 
3- - ♘ ♙ - ♘ - - 
2♙ ♛ ♙ ♗ - ♙ ♙ ♙ 
1- ♖ - ♕ - ♖ ♔ - 

2022/11/13 23:21:34 
2022/11/13 23:21:34 Running Minimax Iterative Deepening Alpha Beta + Quiescence + Eval v3
2022/11/13 23:21:34 Duration: 15s
2022/11/13 23:21:34 
2022/11/13 23:21:34 Iterative deepening depth 1
2022/11/13 23:21:34 Best move: b2a3 Eval: 280
2022/11/13 23:21:34 Depth: 1 Nodes: 205
2022/11/13 23:21:34 Time since start_time: 4.6425ms
2022/11/13 23:21:34 
2022/11/13 23:21:34 Iterative deepening depth 2
2022/11/13 23:21:34 Best move: b2a3 Eval: 275
2022/11/13 23:21:34 Depth: 2 Nodes: 3287
2022/11/13 23:21:34 Time since start_time: 19.3057ms
2022/11/13 23:21:34 
2022/11/13 23:21:34 Iterative deepening depth 3
2022/11/13 23:21:35 Best move: b2a3 Eval: 295
2022/11/13 23:21:35 Depth: 3 Nodes: 22856
2022/11/13 23:21:35 Time since start_time: 249.0197ms
2022/11/13 23:21:35 
2022/11/13 23:21:35 Iterative deepening depth 4
2022/11/13 23:21:36 Best move: b2a3 Eval: 285
2022/11/13 23:21:36 Depth: 4 Nodes: 192847
2022/11/13 23:21:36 Time since start_time: 1.1478862s
2022/11/13 23:21:36 
2022/11/13 23:21:36 Iterative deepening depth 5
2022/11/13 23:21:48 Best move: b2a3 Eval: 290
2022/11/13 23:21:48 Depth: 5 Nodes: 1501494
2022/11/13 23:21:48 Time since start_time: 13.9327188s
2022/11/13 23:21:48 
2022/11/13 23:21:48 Iterative deepening depth 6
2022/11/13 23:21:50 Time up, returning best move so far.
2022/11/13 23:21:50 
2022/11/13 23:21:50 Engine results b2a3 290
2022/11/13 23:21:50 Quiescence search explored 1083729 nodes
2022/11/13 23:21:50 w b2a3 290
2022/11/13 23:21:50 r1b1kb1r/pp3ppp/2n2n2/4p3/8/q1NP1N2/P1PB1PPP/1R1Q1RK1 w kq - 2 11
2022/11/13 23:21:50 
 A B C D E F G H
8♜ - ♝ - ♚ ♝ - ♜ 
7♟ ♟ - - - ♟ ♟ ♟ 
6- - ♞ - - ♞ - - 
5- - - - ♟ - - - 
4- - - - - - - - 
3♛ - ♘ ♙ - ♘ - - 
2♙ - ♙ ♗ - ♙ ♙ ♙ 
1- ♖ - ♕ - ♖ ♔ - 

2022/11/13 23:21:50 
2022/11/13 23:23:10 b b1b3 0
2022/11/13 23:23:10 r1b1kb1r/pp3ppp/2n2n2/4p3/8/qRNP1N2/P1PB1PPP/3Q1RK1 b kq - 3 11
2022/11/13 23:23:10 
 A B C D E F G H
8♜ - ♝ - ♚ ♝ - ♜ 
7♟ ♟ - - - ♟ ♟ ♟ 
6- - ♞ - - ♞ - - 
5- - - - ♟ - - - 
4- - - - - - - - 
3♛ ♖ ♘ ♙ - ♘ - - 
2♙ - ♙ ♗ - ♙ ♙ ♙ 
1- - - ♕ - ♖ ♔ - 

2022/11/13 23:23:10 
2022/11/13 23:23:10 Running Minimax Iterative Deepening Alpha Beta + Quiescence + Eval v3
2022/11/13 23:23:10 Duration: 15s
2022/11/13 23:23:10 
2022/11/13 23:23:10 Iterative deepening depth 1
2022/11/13 23:23:10 Best move: a3c5 Eval: 300
2022/11/13 23:23:10 Depth: 1 Nodes: 294
2022/11/13 23:23:10 Time since start_time: 4.4812ms
2022/11/13 23:23:10 
2022/11/13 23:23:10 Iterative deepening depth 2
2022/11/13 23:23:10 Best move: a3c5 Eval: 295
2022/11/13 23:23:10 Depth: 2 Nodes: 3843
2022/11/13 23:23:10 Time since start_time: 24.0596ms
2022/11/13 23:23:10 
2022/11/13 23:23:10 Iterative deepening depth 3
2022/11/13 23:23:10 Best move: a3d6 Eval: 300
2022/11/13 23:23:10 Depth: 3 Nodes: 28193
2022/11/13 23:23:10 Time since start_time: 319.6414ms
2022/11/13 23:23:10 
2022/11/13 23:23:10 Iterative deepening depth 4
2022/11/13 23:23:12 Best move: a3e7 Eval: 295
2022/11/13 23:23:12 Depth: 4 Nodes: 269004
2022/11/13 23:23:12 Time since start_time: 1.8223141s
2022/11/13 23:23:12 
2022/11/13 23:23:12 Iterative deepening depth 5
2022/11/13 23:23:25 Time up, returning best move so far.
2022/11/13 23:23:25 
2022/11/13 23:23:25 Engine results a3e7 295
2022/11/13 23:23:25 Quiescence search explored 994333 nodes
2022/11/13 23:23:25 w a3e7 295
2022/11/13 23:23:25 r1b1kb1r/pp2qppp/2n2n2/4p3/8/1RNP1N2/P1PB1PPP/3Q1RK1 w kq - 4 12
2022/11/13 23:23:25 
 A B C D E F G H
8♜ - ♝ - ♚ ♝ - ♜ 
7♟ ♟ - - ♛ ♟ ♟ ♟ 
6- - ♞ - - ♞ - - 
5- - - - ♟ - - - 
4- - - - - - - - 
3- ♖ ♘ ♙ - ♘ - - 
2♙ - ♙ ♗ - ♙ ♙ ♙ 
1- - - ♕ - ♖ ♔ - 

2022/11/13 23:23:25 
2022/11/13 23:24:03 b d2g5 0
2022/11/13 23:24:03 r1b1kb1r/pp2qppp/2n2n2/4p1B1/8/1RNP1N2/P1P2PPP/3Q1RK1 b kq - 5 12
2022/11/13 23:24:03 
 A B C D E F G H
8♜ - ♝ - ♚ ♝ - ♜ 
7♟ ♟ - - ♛ ♟ ♟ ♟ 
6- - ♞ - - ♞ - - 
5- - - - ♟ - ♗ - 
4- - - - - - - - 
3- ♖ ♘ ♙ - ♘ - - 
2♙ - ♙ - - ♙ ♙ ♙ 
1- - - ♕ - ♖ ♔ - 

2022/11/13 23:24:03 
2022/11/13 23:24:03 Running Minimax Iterative Deepening Alpha Beta + Quiescence + Eval v3
2022/11/13 23:24:03 Duration: 15s
2022/11/13 23:24:03 
2022/11/13 23:24:03 Iterative deepening depth 1
2022/11/13 23:24:03 Best move: c8g4 Eval: 305
2022/11/13 23:24:03 Depth: 1 Nodes: 286
2022/11/13 23:24:03 Time since start_time: 4.7927ms
2022/11/13 23:24:03 
2022/11/13 23:24:03 Iterative deepening depth 2
2022/11/13 23:24:03 Best move: c8e6 Eval: 305
2022/11/13 23:24:03 Depth: 2 Nodes: 3941
2022/11/13 23:24:03 Time since start_time: 29.1734ms
2022/11/13 23:24:03 
2022/11/13 23:24:03 Iterative deepening depth 3
2022/11/13 23:24:03 Best move: c8f5 Eval: 310
2022/11/13 23:24:03 Depth: 3 Nodes: 40343
2022/11/13 23:24:03 Time since start_time: 356.3098ms
2022/11/13 23:24:03 
2022/11/13 23:24:03 Iterative deepening depth 4
2022/11/13 23:24:06 Best move: c8e6 Eval: 305
2022/11/13 23:24:06 Depth: 4 Nodes: 481965
2022/11/13 23:24:06 Time since start_time: 3.4613214s
2022/11/13 23:24:06 
2022/11/13 23:24:06 Iterative deepening depth 5
2022/11/13 23:24:18 Time up, returning best move so far.
2022/11/13 23:24:18 
2022/11/13 23:24:18 Engine results c8e6 305
2022/11/13 23:24:18 Quiescence search explored 1124693 nodes
2022/11/13 23:24:18 w c8e6 305
2022/11/13 23:24:18 r3kb1r/pp2qppp/2n1bn2/4p1B1/8/1RNP1N2/P1P2PPP/3Q1RK1 w kq - 6 13
2022/11/13 23:24:18 
 A B C D E F G H
8♜ - - - ♚ ♝ - ♜ 
7♟ ♟ - - ♛ ♟ ♟ ♟ 
6- - ♞ - ♝ ♞ - - 
5- - - - ♟ - ♗ - 
4- - - - - - - - 
3- ♖ ♘ ♙ - ♘ - - 
2♙ - ♙ - - ♙ ♙ ♙ 
1- - - ♕ - ♖ ♔ - 

2022/11/13 23:24:18 
2022/11/13 23:24:47 b b3b5 0
2022/11/13 23:24:47 r3kb1r/pp2qppp/2n1bn2/1R2p1B1/8/2NP1N2/P1P2PPP/3Q1RK1 b kq - 7 13
2022/11/13 23:24:47 
 A B C D E F G H
8♜ - - - ♚ ♝ - ♜ 
7♟ ♟ - - ♛ ♟ ♟ ♟ 
6- - ♞ - ♝ ♞ - - 
5- ♖ - - ♟ - ♗ - 
4- - - - - - - - 
3- - ♘ ♙ - ♘ - - 
2♙ - ♙ - - ♙ ♙ ♙ 
1- - - ♕ - ♖ ♔ - 

2022/11/13 23:24:47 
2022/11/13 23:24:47 Running Minimax Iterative Deepening Alpha Beta + Quiescence + Eval v3
2022/11/13 23:24:47 Duration: 15s
2022/11/13 23:24:47 
2022/11/13 23:24:47 Iterative deepening depth 1
2022/11/13 23:24:47 Best move: e8c8 Eval: 345
2022/11/13 23:24:47 Depth: 1 Nodes: 347
2022/11/13 23:24:47 Time since start_time: 5.5906ms
2022/11/13 23:24:47 
2022/11/13 23:24:47 Iterative deepening depth 2
2022/11/13 23:24:47 Best move: h7h6 Eval: 305
2022/11/13 23:24:47 Depth: 2 Nodes: 5040
2022/11/13 23:24:47 Time since start_time: 43.0693ms
2022/11/13 23:24:47 
2022/11/13 23:24:47 Iterative deepening depth 3
2022/11/13 23:24:47 Best move: e7a3 Eval: 325
2022/11/13 23:24:47 Depth: 3 Nodes: 55774
2022/11/13 23:24:47 Time since start_time: 542.5123ms
2022/11/13 23:24:47 
2022/11/13 23:24:47 Iterative deepening depth 4
2022/11/13 23:24:52 Best move: e7c7 Eval: 305
2022/11/13 23:24:52 Depth: 4 Nodes: 777595
2022/11/13 23:24:52 Time since start_time: 5.6876819s
2022/11/13 23:24:52 
2022/11/13 23:24:52 Iterative deepening depth 5
2022/11/13 23:25:02 Time up, returning best move so far.
2022/11/13 23:25:02 
2022/11/13 23:25:02 Engine results e7c7 305
2022/11/13 23:25:02 Quiescence search explored 1141953 nodes
2022/11/13 23:25:02 w e7c7 305
2022/11/13 23:25:02 r3kb1r/ppq2ppp/2n1bn2/1R2p1B1/8/2NP1N2/P1P2PPP/3Q1RK1 w kq - 8 14
2022/11/13 23:25:02 
 A B C D E F G H
8♜ - - - ♚ ♝ - ♜ 
7♟ ♟ ♛ - - ♟ ♟ ♟ 
6- - ♞ - ♝ ♞ - - 
5- ♖ - - ♟ - ♗ - 
4- - - - - - - - 
3- - ♘ ♙ - ♘ - - 
2♙ - ♙ - - ♙ ♙ ♙ 
1- - - ♕ - ♖ ♔ - 

2022/11/13 23:25:02 
2022/11/13 23:25:29 b f1e1 0
2022/11/13 23:25:29 r3kb1r/ppq2ppp/2n1bn2/1R2p1B1/8/2NP1N2/P1P2PPP/3QR1K1 b kq - 9 14
2022/11/13 23:25:29 
 A B C D E F G H
8♜ - - - ♚ ♝ - ♜ 
7♟ ♟ ♛ - - ♟ ♟ ♟ 
6- - ♞ - ♝ ♞ - - 
5- ♖ - - ♟ - ♗ - 
4- - - - - - - - 
3- - ♘ ♙ - ♘ - - 
2♙ - ♙ - - ♙ ♙ ♙ 
1- - - ♕ ♖ - ♔ - 

2022/11/13 23:25:29 
2022/11/13 23:25:29 Running Minimax Iterative Deepening Alpha Beta + Quiescence + Eval v3
2022/11/13 23:25:29 Duration: 15s
2022/11/13 23:25:29 
2022/11/13 23:25:29 Iterative deepening depth 1
2022/11/13 23:25:29 Best move: e8c8 Eval: 345
2022/11/13 23:25:29 Depth: 1 Nodes: 310
2022/11/13 23:25:29 Time since start_time: 5.4972ms
2022/11/13 23:25:29 
2022/11/13 23:25:29 Iterative deepening depth 2
2022/11/13 23:25:29 Best move: e8c8 Eval: 340
2022/11/13 23:25:29 Depth: 2 Nodes: 6372
2022/11/13 23:25:29 Time since start_time: 51.0097ms
2022/11/13 23:25:29 
2022/11/13 23:25:29 Iterative deepening depth 3
2022/11/13 23:25:30 Best move: e8c8 Eval: 350
2022/11/13 23:25:30 Depth: 3 Nodes: 77600
2022/11/13 23:25:30 Time since start_time: 717.0208ms
2022/11/13 23:25:30 
2022/11/13 23:25:30 Iterative deepening depth 4
2022/11/13 23:25:39 Best move: e8c8 Eval: 345
2022/11/13 23:25:39 Depth: 4 Nodes: 1191009
2022/11/13 23:25:39 Time since start_time: 9.4470934s
2022/11/13 23:25:39 
2022/11/13 23:25:39 Iterative deepening depth 5
2022/11/13 23:25:45 Time up, returning best move so far.
2022/11/13 23:25:45 
2022/11/13 23:25:45 Engine results e8c8 345
2022/11/13 23:25:45 Quiescence search explored 1185752 nodes
2022/11/13 23:25:45 w e8c8 345
2022/11/13 23:25:45 2kr1b1r/ppq2ppp/2n1bn2/1R2p1B1/8/2NP1N2/P1P2PPP/3QR1K1 w - - 10 15
2022/11/13 23:25:45 
 A B C D E F G H
8- - ♚ ♜ - ♝ - ♜ 
7♟ ♟ ♛ - - ♟ ♟ ♟ 
6- - ♞ - ♝ ♞ - - 
5- ♖ - - ♟ - ♗ - 
4- - - - - - - - 
3- - ♘ ♙ - ♘ - - 
2♙ - ♙ - - ♙ ♙ ♙ 
1- - - ♕ ♖ - ♔ - 

2022/11/13 23:25:45 
2022/11/13 23:26:35 Exiting engine.
