2022/11/12 16:02:08 File initialization.
2022/11/12 16:02:08 Version go1.19.3
2022/11/12 16:02:08 NumCPU 6
2022/11/12 16:02:08 GOMAXPROCS 6
2022/11/12 16:02:08 
2022/11/12 16:02:08 Manual challenge started.
2022/11/12 16:02:08 Engine: Minimax Plain Alpha Beta + Quiescence
2022/11/12 16:02:08 Playing as b
2022/11/12 16:02:08 
2022/11/12 16:02:13 w a1b2 0
2022/11/12 16:02:13 
 A B C D E F G H
8♜ ♞ ♝ ♛ ♚ ♝ ♞ ♜ 
7♟ ♟ ♟ ♟ ♟ ♟ ♟ ♟ 
6- - - - - - - - 
5- - - - - - - - 
4- - - - - - - - 
3- - - - - - - - 
2♙ ♙ ♙ ♙ ♙ ♙ ♙ ♙ 
1♖ ♘ ♗ ♕ ♔ ♗ ♘ ♖ 

2022/11/12 16:02:13 
