2022/11/13 23:07:47 File initialization.
2022/11/13 23:07:47 Version go1.19.3
2022/11/13 23:07:47 NumCPU 6
2022/11/13 23:07:47 GOMAXPROCS 6
2022/11/13 23:07:47 
2022/11/13 23:07:47 Running engine...
2022/11/13 23:07:47 Manual challenge started.
2022/11/13 23:07:47 Engine: Minimax Iterative Deepening Alpha Beta + Quiescence + Eval v3
2022/11/13 23:07:47 Playing as b
2022/11/13 23:07:47 Game: 
 *
2022/11/13 23:07:47 
 A B C D E F G H
8♜ - ♝ - ♚ ♝ - ♜ 
7♟ ♟ - - ♟ ♟ ♟ ♟ 
6- - ♞ - - ♞ - - 
5- - - - - - - - 
4- - ♛ - - - - - 
3- - ♘ - - ♘ - - 
2♙ ♙ ♙ ♙ - ♙ ♙ ♙ 
1♖ - ♗ ♕ ♔ - - ♖ 

2022/11/13 23:07:47 
2022/11/13 23:07:51 b d2d3 0
2022/11/13 23:07:51 r1b1kb1r/pp2pppp/2n2n2/8/2q5/2NP1N2/PPP2PPP/R1BQK2R b KQkq - 0 7
2022/11/13 23:07:51 
 A B C D E F G H
8♜ - ♝ - ♚ ♝ - ♜ 
7♟ ♟ - - ♟ ♟ ♟ ♟ 
6- - ♞ - - ♞ - - 
5- - - - - - - - 
4- - ♛ - - - - - 
3- - ♘ ♙ - ♘ - - 
2♙ ♙ ♙ - - ♙ ♙ ♙ 
1♖ - ♗ ♕ ♔ - - ♖ 

2022/11/13 23:07:51 
2022/11/13 23:07:51 Running Minimax Iterative Deepening Alpha Beta + Quiescence + Eval v3
2022/11/13 23:07:51 Duration: 15s
2022/11/13 23:07:51 
2022/11/13 23:07:51 Iterative deepening depth 1
2022/11/13 23:07:51 New best move: c4e4 Duration: 526.8µs Time Up false Comparison false
2022/11/13 23:07:51 New best move: c4e6 Duration: 526.8µs Time Up false Comparison false
2022/11/13 23:07:51 New best move: c4c5 Duration: 1.6119ms Time Up false Comparison false
2022/11/13 23:07:51 Best move: c4c5 Eval: 185
2022/11/13 23:07:51 Depth: 1 Nodes: 178
2022/11/13 23:07:51 Time since start_time: 3.6789ms
2022/11/13 23:07:51 
2022/11/13 23:07:51 Iterative deepening depth 2
2022/11/13 23:07:51 New best move: c4e4 Duration: 4.2805ms Time Up false Comparison false
2022/11/13 23:07:51 New best move: c4e6 Duration: 4.8259ms Time Up false Comparison false
2022/11/13 23:07:51 Best move: c4e6 Eval: 150
2022/11/13 23:07:51 Depth: 2 Nodes: 3399
2022/11/13 23:07:51 Time since start_time: 18.0257ms
2022/11/13 23:07:51 
2022/11/13 23:07:51 Iterative deepening depth 3
2022/11/13 23:07:51 New best move: c4e4 Duration: 20.2388ms Time Up false Comparison false
2022/11/13 23:07:51 New best move: c4e6 Duration: 23.1201ms Time Up false Comparison false
2022/11/13 23:07:51 New best move: c4b4 Duration: 58.7763ms Time Up false Comparison false
2022/11/13 23:07:51 New best move: c4g4 Duration: 91.9482ms Time Up false Comparison false
2022/11/13 23:07:52 Best move: c4g4 Eval: 200
2022/11/13 23:07:52 Depth: 3 Nodes: 28239
2022/11/13 23:07:52 Time since start_time: 315.6159ms
2022/11/13 23:07:52 
2022/11/13 23:07:52 Iterative deepening depth 4
2022/11/13 23:07:52 New best move: c4e4 Duration: 322.616ms Time Up false Comparison false
2022/11/13 23:07:52 New best move: c4e6 Duration: 330.6148ms Time Up false Comparison false
2022/11/13 23:07:52 New best move: c4b4 Duration: 481.2514ms Time Up false Comparison false
2022/11/13 23:07:52 New best move: c4g4 Duration: 609.3058ms Time Up false Comparison false
2022/11/13 23:07:53 Best move: c4g4 Eval: 180
2022/11/13 23:07:53 Depth: 4 Nodes: 172252
2022/11/13 23:07:53 Time since start_time: 1.3118343s
2022/11/13 23:07:53 
2022/11/13 23:07:53 Iterative deepening depth 5
2022/11/13 23:07:53 New best move: c4e4 Duration: 1.383814s Time Up false Comparison false
2022/11/13 23:07:53 New best move: c4e6 Duration: 1.5370503s Time Up false Comparison false
2022/11/13 23:07:55 New best move: c4b4 Duration: 3.597611s Time Up false Comparison false
2022/11/13 23:08:05 Best move: c4b4 Eval: 200
2022/11/13 23:08:05 Depth: 5 Nodes: 1612229
2022/11/13 23:08:05 Time since start_time: 13.6898118s
2022/11/13 23:08:05 
2022/11/13 23:08:05 Iterative deepening depth 6
2022/11/13 23:08:06 New best move: c4e4 Duration: 14.3046382s Time Up false Comparison false
2022/11/13 23:08:07 New best move: c4e6 Duration: 15.5916161s Time Up false Comparison true
2022/11/13 23:08:27 New best move: c4b4 Duration: 35.8888064s Time Up false Comparison true
2022/11/13 23:08:43 New best move: c4g4 Duration: 51.8630516s Time Up false Comparison true
