2022/11/13 23:09:13 File initialization.
2022/11/13 23:09:13 Version go1.19.3
2022/11/13 23:09:13 NumCPU 6
2022/11/13 23:09:13 GOMAXPROCS 6
2022/11/13 23:09:13 
2022/11/13 23:09:13 Running engine...
2022/11/13 23:09:14 Manual challenge started.
2022/11/13 23:09:14 Engine: Minimax Iterative Deepening Alpha Beta + Quiescence + Eval v3
2022/11/13 23:09:14 Playing as b
2022/11/13 23:09:14 Game: 
 *
2022/11/13 23:09:14 
 A B C D E F G H
8♜ - ♝ - ♚ ♝ - ♜ 
7♟ ♟ - - ♟ ♟ ♟ ♟ 
6- - ♞ - - ♞ - - 
5- - - - - - - - 
4- - ♛ - - - - - 
3- - ♘ - - ♘ - - 
2♙ ♙ ♙ ♙ - ♙ ♙ ♙ 
1♖ - ♗ ♕ ♔ - - ♖ 

2022/11/13 23:09:14 
2022/11/13 23:09:18 b d2d3 0
2022/11/13 23:09:18 r1b1kb1r/pp2pppp/2n2n2/8/2q5/2NP1N2/PPP2PPP/R1BQK2R b KQkq - 0 7
2022/11/13 23:09:18 
 A B C D E F G H
8♜ - ♝ - ♚ ♝ - ♜ 
7♟ ♟ - - ♟ ♟ ♟ ♟ 
6- - ♞ - - ♞ - - 
5- - - - - - - - 
4- - ♛ - - - - - 
3- - ♘ ♙ - ♘ - - 
2♙ ♙ ♙ - - ♙ ♙ ♙ 
1♖ - ♗ ♕ ♔ - - ♖ 

2022/11/13 23:09:18 
2022/11/13 23:09:18 Running Minimax Iterative Deepening Alpha Beta + Quiescence + Eval v3
2022/11/13 23:09:18 Duration: 15s
2022/11/13 23:09:18 
2022/11/13 23:09:18 Iterative deepening depth 1
2022/11/13 23:09:18 New best move: c4e4 Duration: 608.3µs Time Up false Comparison false Check false
2022/11/13 23:09:18 New best move: c4e6 Duration: 1.1656ms Time Up false Comparison false Check false
2022/11/13 23:09:18 New best move: c4c5 Duration: 1.6996ms Time Up false Comparison false Check false
2022/11/13 23:09:18 Best move: c4c5 Eval: 185
2022/11/13 23:09:18 Depth: 1 Nodes: 178
2022/11/13 23:09:18 Time since start_time: 4.0075ms
2022/11/13 23:09:18 
2022/11/13 23:09:18 Iterative deepening depth 2
2022/11/13 23:09:18 New best move: c4e4 Duration: 4.5671ms Time Up false Comparison false Check false
2022/11/13 23:09:18 New best move: c4e6 Duration: 5.0921ms Time Up false Comparison false Check false
2022/11/13 23:09:18 Best move: c4e6 Eval: 150
2022/11/13 23:09:18 Depth: 2 Nodes: 3399
2022/11/13 23:09:18 Time since start_time: 19.8037ms
2022/11/13 23:09:18 
2022/11/13 23:09:18 Iterative deepening depth 3
2022/11/13 23:09:18 New best move: c4e4 Duration: 22.0627ms Time Up false Comparison false Check false
2022/11/13 23:09:18 New best move: c4e6 Duration: 24.5113ms Time Up false Comparison false Check false
2022/11/13 23:09:18 New best move: c4b4 Duration: 61.0783ms Time Up false Comparison false Check false
2022/11/13 23:09:18 New best move: c4g4 Duration: 94.811ms Time Up false Comparison false Check false
2022/11/13 23:09:18 Best move: c4g4 Eval: 200
2022/11/13 23:09:18 Depth: 3 Nodes: 28239
2022/11/13 23:09:18 Time since start_time: 318.1645ms
2022/11/13 23:09:18 
2022/11/13 23:09:18 Iterative deepening depth 4
2022/11/13 23:09:18 New best move: c4e4 Duration: 326.1341ms Time Up false Comparison false Check false
2022/11/13 23:09:18 New best move: c4e6 Duration: 335.1333ms Time Up false Comparison false Check false
2022/11/13 23:09:18 New best move: c4b4 Duration: 492.9379ms Time Up false Comparison false Check false
2022/11/13 23:09:18 New best move: c4g4 Duration: 620.0896ms Time Up false Comparison false Check false
2022/11/13 23:09:19 Best move: c4g4 Eval: 180
2022/11/13 23:09:19 Depth: 4 Nodes: 172252
2022/11/13 23:09:19 Time since start_time: 1.309061s
2022/11/13 23:09:19 
2022/11/13 23:09:19 Iterative deepening depth 5
2022/11/13 23:09:19 New best move: c4e4 Duration: 1.379094s Time Up false Comparison false Check false
2022/11/13 23:09:19 New best move: c4e6 Duration: 1.5331255s Time Up false Comparison false Check false
2022/11/13 23:09:21 New best move: c4b4 Duration: 3.6203035s Time Up false Comparison false Check false
2022/11/13 23:09:31 Best move: c4b4 Eval: 200
2022/11/13 23:09:31 Depth: 5 Nodes: 1612229
2022/11/13 23:09:31 Time since start_time: 13.6073114s
2022/11/13 23:09:31 
2022/11/13 23:09:31 Iterative deepening depth 6
2022/11/13 23:09:32 New best move: c4e4 Duration: 14.2167821s Time Up false Comparison false Check false
2022/11/13 23:09:33 New best move: c4e6 Duration: 15.3911136s Time Up false Comparison true Check true
