2022/11/13 22:42:44 File initialization.
2022/11/13 22:42:44 Version go1.19.3
2022/11/13 22:42:44 NumCPU 6
2022/11/13 22:42:44 GOMAXPROCS 6
2022/11/13 22:42:44 
2022/11/13 22:42:44 Running engine...
2022/11/13 22:42:44 Manual challenge started.
2022/11/13 22:42:44 Engine: Minimax Plain Alpha Beta + Quiescence
2022/11/13 22:42:44 Playing as b
2022/11/13 22:42:44 
2022/11/13 22:42:49 b d2d3 0
2022/11/13 22:42:49 r1b1kb1r/pp2pppp/2n2n2/8/2q5/2NP1N2/PPP2PPP/R1BQK2R b KQkq - 0 7
2022/11/13 22:42:49 
 A B C D E F G H
8♜ - ♝ - ♚ ♝ - ♜ 
7♟ ♟ - - ♟ ♟ ♟ ♟ 
6- - ♞ - - ♞ - - 
5- - - - - - - - 
4- - ♛ - - - - - 
3- - ♘ ♙ - ♘ - - 
2♙ ♙ ♙ - - ♙ ♙ ♙ 
1♖ - ♗ ♕ ♔ - - ♖ 

2022/11/13 22:42:49 
2022/11/13 22:42:49 w g7g6 0
2022/11/13 22:42:49 r1b1kb1r/pp2pp1p/2n2np1/8/2q5/2NP1N2/PPP2PPP/R1BQK2R w KQkq - 0 8
2022/11/13 22:42:49 
 A B C D E F G H
8♜ - ♝ - ♚ ♝ - ♜ 
7♟ ♟ - - ♟ ♟ - ♟ 
6- - ♞ - - ♞ ♟ - 
5- - - - - - - - 
4- - ♛ - - - - - 
3- - ♘ ♙ - ♘ - - 
2♙ ♙ ♙ - - ♙ ♙ ♙ 
1♖ - ♗ ♕ ♔ - - ♖ 

2022/11/13 22:42:49 
2022/11/13 22:46:57 Exiting engine.
