2022/11/13 22:42:04 File initialization.
2022/11/13 22:42:04 Version go1.19.3
2022/11/13 22:42:04 NumCPU 6
2022/11/13 22:42:04 GOMAXPROCS 6
2022/11/13 22:42:04 
2022/11/13 22:42:04 Running engine...
2022/11/13 22:42:05 Manual challenge started.
2022/11/13 22:42:05 Engine: Minimax Plain Alpha Beta + Quiescence
2022/11/13 22:42:05 Playing as b
2022/11/13 22:42:05 
2022/11/13 22:42:10 b d2d3 0
2022/11/13 22:42:10 r1b1kb1r/pp2pppp/2n2n2/8/2q5/2NP1N2/PPP2PPP/R1BQK2R b KQkq - 0 7
2022/11/13 22:42:10 
 A B C D E F G H
8♜ - ♝ - ♚ ♝ - ♜ 
7♟ ♟ - - ♟ ♟ ♟ ♟ 
6- - ♞ - - ♞ - - 
5- - - - - - - - 
4- - ♛ - - - - - 
3- - ♘ ♙ - ♘ - - 
2♙ ♙ ♙ - - ♙ ♙ ♙ 
1♖ - ♗ ♕ ♔ - - ♖ 

2022/11/13 22:42:10 
2022/11/13 22:42:10 w g7g6 0
2022/11/13 22:42:10 r1b1kb1r/pp2pp1p/2n2np1/8/2q5/2NP1N2/PPP2PPP/R1BQK2R w KQkq - 0 8
2022/11/13 22:42:10 
 A B C D E F G H
8♜ - ♝ - ♚ ♝ - ♜ 
7♟ ♟ - - ♟ ♟ - ♟ 
6- - ♞ - - ♞ ♟ - 
5- - - - - - - - 
4- - ♛ - - - - - 
3- - ♘ ♙ - ♘ - - 
2♙ ♙ ♙ - - ♙ ♙ ♙ 
1♖ - ♗ ♕ ♔ - - ♖ 

2022/11/13 22:42:10 
2022/11/13 22:42:42 Exiting engine.
