2022/11/13 22:38:35 File initialization.
2022/11/13 22:38:35 Version go1.19.3
2022/11/13 22:38:35 NumCPU 6
2022/11/13 22:38:35 GOMAXPROCS 6
2022/11/13 22:38:35 
2022/11/13 22:38:35 Running engine...
2022/11/13 22:38:35 Manual challenge started.
2022/11/13 22:38:35 Engine: Minimax Plain Alpha Beta + Quiescence
2022/11/13 22:38:35 Playing as b
2022/11/13 22:38:35 
2022/11/13 22:38:38 b e2e4 0
2022/11/13 22:38:38 rnbqkbnr/pppppppp/8/8/4P3/8/PPPP1PPP/RNBQKBNR b KQkq e3 0 1
2022/11/13 22:38:38 
 A B C D E F G H
8♜ ♞ ♝ ♛ ♚ ♝ ♞ ♜ 
7♟ ♟ ♟ ♟ ♟ ♟ ♟ ♟ 
6- - - - - - - - 
5- - - - - - - - 
4- - - - ♙ - - - 
3- - - - - - - - 
2♙ ♙ ♙ ♙ - ♙ ♙ ♙ 
1♖ ♘ ♗ ♕ ♔ ♗ ♘ ♖ 

2022/11/13 22:38:38 
2022/11/13 22:38:38 w d7d6 0
2022/11/13 22:38:38 rnbqkbnr/ppp1pppp/3p4/8/4P3/8/PPPP1PPP/RNBQKBNR w KQkq - 0 2
2022/11/13 22:38:38 
 A B C D E F G H
8♜ ♞ ♝ ♛ ♚ ♝ ♞ ♜ 
7♟ ♟ ♟ - ♟ ♟ ♟ ♟ 
6- - - ♟ - - - - 
5- - - - - - - - 
4- - - - ♙ - - - 
3- - - - - - - - 
2♙ ♙ ♙ ♙ - ♙ ♙ ♙ 
1♖ ♘ ♗ ♕ ♔ ♗ ♘ ♖ 

2022/11/13 22:38:38 
