2022/11/13 23:42:55 File initialization.
2022/11/13 23:42:55 Version go1.19.3
2022/11/13 23:42:55 NumCPU 6
2022/11/13 23:42:55 GOMAXPROCS 6
2022/11/13 23:42:55 
2022/11/13 23:42:55 Running engine...
2022/11/13 23:42:55 Manual challenge started.
2022/11/13 23:42:55 Engine: Minimax Iterative Deepening Alpha Beta + Quiescence + Eval v3
2022/11/13 23:42:55 Playing as b
2022/11/13 23:42:55 Game: 
 0-1
2022/11/13 23:42:55 
 A B C D E F G H
8- - ♚ - - - - - 
7♟ ♟ - - - ♟ - ♟ 
6- - - - - ♟ - - 
5- - - - - - - - 
4♙ - ♙ - - - - - 
3- - - - - - - ♙ 
2- - ♙ ♜ - - ♛ - 
1♖ - - - - - - ♔ 

2022/11/13 23:42:55 
2022/11/13 23:42:55 Exiting engine.
