2022/11/13 23:43:34 File initialization.
2022/11/13 23:43:34 Version go1.19.3
2022/11/13 23:43:34 NumCPU 6
2022/11/13 23:43:34 GOMAXPROCS 6
2022/11/13 23:43:34 
2022/11/13 23:43:34 Running engine...
2022/11/13 23:43:35 Manual challenge started.
2022/11/13 23:43:35 Engine: Minimax Iterative Deepening Alpha Beta + Quiescence + Eval v3
2022/11/13 23:43:35 Playing as b
2022/11/13 23:43:35 Game: 
 *
2022/11/13 23:43:35 
 A B C D E F G H
8♜ ♞ ♝ ♛ ♚ ♝ ♞ ♜ 
7♟ ♟ ♟ ♟ ♟ ♟ ♟ ♟ 
6- - - - - - - - 
5- - - - - - - - 
4- - - - - - - - 
3- - - - - - - - 
2♙ ♙ ♙ ♙ ♙ ♙ ♙ ♙ 
1♖ ♘ ♗ ♕ ♔ ♗ ♘ ♖ 

2022/11/13 23:43:35 
2022/11/13 23:43:35 Enter move:
2022/11/13 23:43:38 Invalid move.
2022/11/13 23:43:38 Did you mean? [Na3 Nc3 Nf3 Nh3 a3 a4 b3 b4 c3 c4 d3 d4 e3 e4 f3 f4 g3 g4 h3 h4]
2022/11/13 23:43:38 Enter move:
2022/11/13 23:43:42 b e2e3 0
2022/11/13 23:43:42 rnbqkbnr/pppppppp/8/8/8/4P3/PPPP1PPP/RNBQKBNR b KQkq - 0 1
2022/11/13 23:43:42 
 A B C D E F G H
8♜ ♞ ♝ ♛ ♚ ♝ ♞ ♜ 
7♟ ♟ ♟ ♟ ♟ ♟ ♟ ♟ 
6- - - - - - - - 
5- - - - - - - - 
4- - - - - - - - 
3- - - - ♙ - - - 
2♙ ♙ ♙ ♙ - ♙ ♙ ♙ 
1♖ ♘ ♗ ♕ ♔ ♗ ♘ ♖ 

2022/11/13 23:43:42 
2022/11/13 23:43:42 w e7e5 0
2022/11/13 23:43:42 rnbqkbnr/pppp1ppp/8/4p3/8/4P3/PPPP1PPP/RNBQKBNR w KQkq e6 0 2
2022/11/13 23:43:42 
 A B C D E F G H
8♜ ♞ ♝ ♛ ♚ ♝ ♞ ♜ 
7♟ ♟ ♟ ♟ - ♟ ♟ ♟ 
6- - - - - - - - 
5- - - - ♟ - - - 
4- - - - - - - - 
3- - - - ♙ - - - 
2♙ ♙ ♙ ♙ - ♙ ♙ ♙ 
1♖ ♘ ♗ ♕ ♔ ♗ ♘ ♖ 

2022/11/13 23:43:42 
2022/11/13 23:43:42 Enter move:
2022/11/13 23:43:44 Invalid move.
